Build started 5/8/2015 9:21:53 PM.
     1>Project "C:\Users\zammie\Music\__BikeODE\Yah_Finally\build\_vs2010\odedll\odedll.vcxproj" on node 2 (rebuild target(s)).
     1>_PrepareForClean:
         Deleting file "x64\Debug\odedll.lastbuildstate".
       InitializeBuildStatus:
         Creating "x64\Debug\odedll.unsuccessfulbuild" because "AlwaysCreate" was specified.
       ClCompile:
         c:\Program Files (x86)\Microsoft Visual Studio 10.0\VC\bin\x86_amd64\CL.exe /c /I..\..\..\include /I..\..\..\ode\src /Zi /nologo /W3 /WX- /Od /D _MT /D _USE_MATH_DEFINES /D dIDEDOUBLE /D CCD_IDEDOUBLE /D WIN32 /D _DEBUG /D _WINDOWS /D _USRDLL /D ODEDLL_EXPORTS /D _WINDLL /D _UNICODE /D UNICODE /Gm /EHsc /RTC1 /MDd /GS /fp:precise /Zc:wchar_t /Zc:forScope /Yc"StdAfx.h" /Fp"x64\Debug\odedll.pch" /Fo"x64\Debug\\" /Fd"x64\Debug\vc100.pdb" /Gd /TP /errorReport:prompt stdafx.cpp
         stdafx.cpp
         c:\Program Files (x86)\Microsoft Visual Studio 10.0\VC\bin\x86_amd64\CL.exe /c /I..\..\..\include /I..\..\..\ode\src /Zi /nologo /W3 /WX- /Od /D _MT /D _USE_MATH_DEFINES /D dIDEDOUBLE /D CCD_IDEDOUBLE /D WIN32 /D _DEBUG /D _WINDOWS /D _USRDLL /D ODEDLL_EXPORTS /D _WINDLL /D _UNICODE /D UNICODE /Gm /EHsc /RTC1 /MDd /GS /fp:precise /Zc:wchar_t /Zc:forScope /Fo"x64\Debug\\" /Fd"x64\Debug\vc100.pdb" /Gd /TP /errorReport:prompt dllmain.cpp
         dllmain.cpp
         c:\Program Files (x86)\Microsoft Visual Studio 10.0\VC\bin\x86_amd64\CL.exe /c /I..\..\..\include /I..\..\..\ode\src /Zi /nologo /W3 /WX- /Od /D _MT /D _USE_MATH_DEFINES /D dIDEDOUBLE /D CCD_IDEDOUBLE /D WIN32 /D _DEBUG /D _WINDOWS /D _USRDLL /D ODEDLL_EXPORTS /D _WINDLL /D _UNICODE /D UNICODE /Gm /EHsc /RTC1 /MDd /GS /fp:precise /Zc:wchar_t /Zc:forScope /Yu"StdAfx.h" /Fp"x64\Debug\odedll.pch" /Fo"x64\Debug\\" /Fd"x64\Debug\vc100.pdb" /Gd /TP /errorReport:prompt odedll.cpp
         odedll.cpp
     1>odedll.cpp(70): warning C4273: 'SimODE::BikeSimODE::Miao' : inconsistent dll linkage
                 c:\users\zammie\music\__bikeode\yah_finally\build\_vs2010\odedll\odedll.h(11) : see previous definition of 'Miao'
     1>odedll.cpp(72): warning C4244: 'initializing' : conversion from 'dReal' to 'int', possible loss of data
     1>odedll.cpp(77): warning C4273: 'SimODE::InitBikeODE' : inconsistent dll linkage
                 c:\users\zammie\music\__bikeode\yah_finally\build\_vs2010\odedll\odedll.h(13) : see previous definition of 'InitBikeODE'
     1>odedll.cpp(111): warning C4244: 'initializing' : conversion from 'const dReal' to 'float', possible loss of data
     1>odedll.cpp(112): warning C4244: 'initializing' : conversion from 'const dReal' to 'float', possible loss of data
     1>odedll.cpp(113): warning C4244: '-=' : conversion from 'const dReal' to 'float', possible loss of data
     1>odedll.cpp(115): warning C4244: '+=' : conversion from 'const dReal' to 'float', possible loss of data
     1>odedll.cpp(174): warning C4244: 'initializing' : conversion from 'const dReal' to 'float', possible loss of data
     1>odedll.cpp(175): warning C4244: 'initializing' : conversion from 'const dReal' to 'float', possible loss of data
     1>odedll.cpp(176): warning C4244: 'initializing' : conversion from 'const dReal' to 'float', possible loss of data
     1>odedll.cpp(193): warning C4244: 'initializing' : conversion from 'const dReal' to 'float', possible loss of data
     1>odedll.cpp(194): warning C4244: 'initializing' : conversion from 'const dReal' to 'float', possible loss of data
     1>odedll.cpp(195): warning C4244: 'initializing' : conversion from 'const dReal' to 'float', possible loss of data
     1>odedll.cpp(196): warning C4244: 'initializing' : conversion from 'const dReal' to 'float', possible loss of data
     1>odedll.cpp(197): warning C4244: 'initializing' : conversion from 'const dReal' to 'float', possible loss of data
     1>odedll.cpp(198): warning C4244: 'initializing' : conversion from 'const dReal' to 'float', possible loss of data
     1>odedll.cpp(276): warning C4273: 'SimODE::Seek' : inconsistent dll linkage
                 c:\users\zammie\music\__bikeode\yah_finally\build\_vs2010\odedll\odedll.h(14) : see previous definition of 'Seek'
     1>odedll.cpp(297): warning C4244: 'initializing' : conversion from 'dReal' to 'float', possible loss of data
     1>odedll.cpp(298): warning C4244: 'initializing' : conversion from 'dReal' to 'float', possible loss of data
     1>odedll.cpp(314): warning C4244: 'initializing' : conversion from 'dReal' to 'float', possible loss of data
     1>odedll.cpp(404): warning C4273: 'SimODE::simLoop' : inconsistent dll linkage
                 c:\users\zammie\music\__bikeode\yah_finally\build\_vs2010\odedll\odedll.h(15) : see previous definition of 'simLoop'
     1>odedll.cpp(445): warning C4244: 'initializing' : conversion from 'const dReal' to 'float', possible loss of data
     1>odedll.cpp(446): warning C4244: 'initializing' : conversion from 'const dReal' to 'float', possible loss of data
     1>odedll.cpp(447): warning C4244: 'initializing' : conversion from 'const dReal' to 'float', possible loss of data
     1>odedll.cpp(448): warning C4244: 'initializing' : conversion from 'const dReal' to 'float', possible loss of data
     1>odedll.cpp(449): warning C4244: 'initializing' : conversion from 'const dReal' to 'float', possible loss of data
     1>odedll.cpp(450): warning C4244: 'initializing' : conversion from 'const dReal' to 'float', possible loss of data
     1>odedll.cpp(480): warning C4244: 'argument' : conversion from 'double' to 'int', possible loss of data
     1>odedll.cpp(480): warning C4244: 'argument' : conversion from 'double' to 'int', possible loss of data
     1>odedll.cpp(437): warning C4101: 'i' : unreferenced local variable
     1>odedll.cpp(499): warning C4273: 'SimODE::JumpOver' : inconsistent dll linkage
                 c:\users\zammie\music\__bikeode\yah_finally\build\_vs2010\odedll\odedll.h(16) : see previous definition of 'JumpOver'
     1>odedll.cpp(534): warning C4273: 'SimODE::GetFramePos_Body0x' : inconsistent dll linkage
                 c:\users\zammie\music\__bikeode\yah_finally\build\_vs2010\odedll\odedll.h(19) : see previous definition of 'GetFramePos_Body0x'
     1>odedll.cpp(538): warning C4273: 'SimODE::GetFramePos_Body0y' : inconsistent dll linkage
                 c:\users\zammie\music\__bikeode\yah_finally\build\_vs2010\odedll\odedll.h(20) : see previous definition of 'GetFramePos_Body0y'
     1>odedll.cpp(542): warning C4273: 'SimODE::GetFramePos_Body0z' : inconsistent dll linkage
                 c:\users\zammie\music\__bikeode\yah_finally\build\_vs2010\odedll\odedll.h(21) : see previous definition of 'GetFramePos_Body0z'
     1>odedll.cpp(548): warning C4273: 'SimODE::GetFrontWheelPos_Body1x' : inconsistent dll linkage
                 c:\users\zammie\music\__bikeode\yah_finally\build\_vs2010\odedll\odedll.h(28) : see previous definition of 'GetFrontWheelPos_Body1x'
     1>odedll.cpp(552): warning C4273: 'SimODE::GetFrontWheelPos_Body1y' : inconsistent dll linkage
                 c:\users\zammie\music\__bikeode\yah_finally\build\_vs2010\odedll\odedll.h(29) : see previous definition of 'GetFrontWheelPos_Body1y'
     1>odedll.cpp(556): warning C4273: 'SimODE::GetFrontWheelPos_Body1z' : inconsistent dll linkage
                 c:\users\zammie\music\__bikeode\yah_finally\build\_vs2010\odedll\odedll.h(30) : see previous definition of 'GetFrontWheelPos_Body1z'
     1>odedll.cpp(570): warning C4273: 'SimODE::getFrontTrans_0' : inconsistent dll linkage
                 c:\users\zammie\music\__bikeode\yah_finally\build\_vs2010\odedll\odedll.h(42) : see previous definition of 'getFrontTrans_0'
     1>odedll.cpp(571): warning C4273: 'SimODE::getFrontTrans_1' : inconsistent dll linkage
                 c:\users\zammie\music\__bikeode\yah_finally\build\_vs2010\odedll\odedll.h(43) : see previous definition of 'getFrontTrans_1'
     1>odedll.cpp(572): warning C4273: 'SimODE::getFrontTrans_2' : inconsistent dll linkage
                 c:\users\zammie\music\__bikeode\yah_finally\build\_vs2010\odedll\odedll.h(44) : see previous definition of 'getFrontTrans_2'
     1>odedll.cpp(573): warning C4273: 'SimODE::getFrontTrans_3' : inconsistent dll linkage
                 c:\users\zammie\music\__bikeode\yah_finally\build\_vs2010\odedll\odedll.h(45) : see previous definition of 'getFrontTrans_3'
     1>odedll.cpp(574): warning C4273: 'SimODE::getFrontTrans_4' : inconsistent dll linkage
                 c:\users\zammie\music\__bikeode\yah_finally\build\_vs2010\odedll\odedll.h(46) : see previous definition of 'getFrontTrans_4'
     1>odedll.cpp(575): warning C4273: 'SimODE::getFrontTrans_5' : inconsistent dll linkage
                 c:\users\zammie\music\__bikeode\yah_finally\build\_vs2010\odedll\odedll.h(47) : see previous definition of 'getFrontTrans_5'
     1>odedll.cpp(576): warning C4273: 'SimODE::getFrontTrans_6' : inconsistent dll linkage
                 c:\users\zammie\music\__bikeode\yah_finally\build\_vs2010\odedll\odedll.h(48) : see previous definition of 'getFrontTrans_6'
     1>odedll.cpp(577): warning C4273: 'SimODE::getFrontTrans_7' : inconsistent dll linkage
                 c:\users\zammie\music\__bikeode\yah_finally\build\_vs2010\odedll\odedll.h(49) : see previous definition of 'getFrontTrans_7'
     1>odedll.cpp(578): warning C4273: 'SimODE::getFrontTrans_8' : inconsistent dll linkage
                 c:\users\zammie\music\__bikeode\yah_finally\build\_vs2010\odedll\odedll.h(50) : see previous definition of 'getFrontTrans_8'
     1>odedll.cpp(579): warning C4273: 'SimODE::getFrontTrans_9' : inconsistent dll linkage
                 c:\users\zammie\music\__bikeode\yah_finally\build\_vs2010\odedll\odedll.h(51) : see previous definition of 'getFrontTrans_9'
     1>odedll.cpp(580): warning C4273: 'SimODE::getFrontTrans_10' : inconsistent dll linkage
                 c:\users\zammie\music\__bikeode\yah_finally\build\_vs2010\odedll\odedll.h(52) : see previous definition of 'getFrontTrans_10'
     1>odedll.cpp(581): warning C4273: 'SimODE::getFrontTrans_11' : inconsistent dll linkage
                 c:\users\zammie\music\__bikeode\yah_finally\build\_vs2010\odedll\odedll.h(53) : see previous definition of 'getFrontTrans_11'
     1>odedll.cpp(582): warning C4273: 'SimODE::getFrontTrans_12' : inconsistent dll linkage
                 c:\users\zammie\music\__bikeode\yah_finally\build\_vs2010\odedll\odedll.h(54) : see previous definition of 'getFrontTrans_12'
     1>odedll.cpp(583): warning C4273: 'SimODE::getFrontTrans_13' : inconsistent dll linkage
                 c:\users\zammie\music\__bikeode\yah_finally\build\_vs2010\odedll\odedll.h(55) : see previous definition of 'getFrontTrans_13'
     1>odedll.cpp(584): warning C4273: 'SimODE::getFrontTrans_14' : inconsistent dll linkage
                 c:\users\zammie\music\__bikeode\yah_finally\build\_vs2010\odedll\odedll.h(56) : see previous definition of 'getFrontTrans_14'
     1>odedll.cpp(585): warning C4273: 'SimODE::getFrontTrans_15' : inconsistent dll linkage
                 c:\users\zammie\music\__bikeode\yah_finally\build\_vs2010\odedll\odedll.h(57) : see previous definition of 'getFrontTrans_15'
     1>odedll.cpp(588): warning C4273: 'SimODE::GetBackWheelPos_Body2x' : inconsistent dll linkage
                 c:\users\zammie\music\__bikeode\yah_finally\build\_vs2010\odedll\odedll.h(61) : see previous definition of 'GetBackWheelPos_Body2x'
     1>odedll.cpp(593): warning C4273: 'SimODE::GetBackWheelPos_Body2y' : inconsistent dll linkage
                 c:\users\zammie\music\__bikeode\yah_finally\build\_vs2010\odedll\odedll.h(62) : see previous definition of 'GetBackWheelPos_Body2y'
     1>odedll.cpp(598): warning C4273: 'SimODE::GetBackWheelPos_Body2z' : inconsistent dll linkage
                 c:\users\zammie\music\__bikeode\yah_finally\build\_vs2010\odedll\odedll.h(63) : see previous definition of 'GetBackWheelPos_Body2z'
     1>odedll.cpp(605): warning C4273: 'SimODE::GetBarPos_Body3x' : inconsistent dll linkage
                 c:\users\zammie\music\__bikeode\yah_finally\build\_vs2010\odedll\odedll.h(69) : see previous definition of 'GetBarPos_Body3x'
     1>odedll.cpp(611): warning C4273: 'SimODE::GetBarPos_Body3y' : inconsistent dll linkage
                 c:\users\zammie\music\__bikeode\yah_finally\build\_vs2010\odedll\odedll.h(70) : see previous definition of 'GetBarPos_Body3y'
     1>odedll.cpp(616): warning C4273: 'SimODE::GetBarPos_Body3z' : inconsistent dll linkage
                 c:\users\zammie\music\__bikeode\yah_finally\build\_vs2010\odedll\odedll.h(71) : see previous definition of 'GetBarPos_Body3z'
     1>odedll.cpp(640): warning C4273: 'SimODE::GetTimeStep' : inconsistent dll linkage
                 c:\users\zammie\music\__bikeode\yah_finally\build\_vs2010\odedll\odedll.h(87) : see previous definition of 'GetTimeStep'
       ManifestResourceCompile:
         C:\Program Files (x86)\Microsoft SDKs\Windows\v7.0A\bin\rc.exe /nologo /fo"x64\Debug\odedll.dll.embed.manifest.res" x64\Debug\odedll_manifest.rc 
       Link:
         c:\Program Files (x86)\Microsoft Visual Studio 10.0\VC\bin\x86_amd64\link.exe /ERRORREPORT:PROMPT /OUT:"..\..\..\..\Bike_Plugin\odedll.dll" /INCREMENTAL /NOLOGO user32.lib winmm.lib gdi32.lib opengl32.lib glu32.lib ..\..\..\lib\DebugDoubleDLL\drawstuffd.lib ..\..\..\lib\DebugDoubleDLL\ode_doubled.lib kernel32.lib user32.lib gdi32.lib winspool.lib comdlg32.lib advapi32.lib shell32.lib ole32.lib oleaut32.lib uuid.lib odbc32.lib odbccp32.lib kernel32.lib user32.lib gdi32.lib winspool.lib comdlg32.lib advapi32.lib shell32.lib ole32.lib oleaut32.lib uuid.lib odbc32.lib odbccp32.lib /MANIFEST /ManifestFile:"x64\Debug\odedll.dll.intermediate.manifest" /MANIFESTUAC:"level='asInvoker' uiAccess='false'" /DEBUG /PDB:"C:\Users\zammie\Music\__BikeODE\Bike_Plugin\odedll.pdb" /SUBSYSTEM:WINDOWS /TLBID:1 /DYNAMICBASE /NXCOMPAT /IMPLIB:"..\..\..\..\Bike_Plugin\odedll.lib" /MACHINE:X64 /DLL x64\Debug\odedll.dll.embed.manifest.res
         x64\Debug\dllmain.obj
         x64\Debug\odedll.obj
         x64\Debug\stdafx.obj
            Creating library ..\..\..\..\Bike_Plugin\odedll.lib and object ..\..\..\..\Bike_Plugin\odedll.exp
         odedll.vcxproj -> C:\Users\zammie\Music\__BikeODE\Yah_Finally\build\_vs2010\odedll\..\..\..\..\Bike_Plugin\odedll.dll
       Manifest:
         Deleting file "x64\Debug\odedll.dll.embed.manifest".
         C:\Program Files (x86)\Microsoft SDKs\Windows\v7.0A\bin\mt.exe /nologo /verbose /out:"x64\Debug\odedll.dll.embed.manifest" /manifest x64\Debug\odedll.dll.intermediate.manifest
         C:\Program Files (x86)\Microsoft SDKs\Windows\v7.0A\bin\rc.exe /nologo /fo"x64\Debug\odedll.dll.embed.manifest.res" x64\Debug\odedll_manifest.rc 
       LinkEmbedManifest:
         c:\Program Files (x86)\Microsoft Visual Studio 10.0\VC\bin\x86_amd64\link.exe /ERRORREPORT:PROMPT /OUT:"..\..\..\..\Bike_Plugin\odedll.dll" /INCREMENTAL /NOLOGO user32.lib winmm.lib gdi32.lib opengl32.lib glu32.lib ..\..\..\lib\DebugDoubleDLL\drawstuffd.lib ..\..\..\lib\DebugDoubleDLL\ode_doubled.lib kernel32.lib user32.lib gdi32.lib winspool.lib comdlg32.lib advapi32.lib shell32.lib ole32.lib oleaut32.lib uuid.lib odbc32.lib odbccp32.lib kernel32.lib user32.lib gdi32.lib winspool.lib comdlg32.lib advapi32.lib shell32.lib ole32.lib oleaut32.lib uuid.lib odbc32.lib odbccp32.lib /MANIFEST /ManifestFile:"x64\Debug\odedll.dll.intermediate.manifest" /MANIFESTUAC:"level='asInvoker' uiAccess='false'" /DEBUG /PDB:"C:\Users\zammie\Music\__BikeODE\Bike_Plugin\odedll.pdb" /SUBSYSTEM:WINDOWS /TLBID:1 /DYNAMICBASE /NXCOMPAT /IMPLIB:"..\..\..\..\Bike_Plugin\odedll.lib" /MACHINE:X64 /DLL x64\Debug\odedll.dll.embed.manifest.res
         x64\Debug\dllmain.obj
         x64\Debug\odedll.obj
         x64\Debug\stdafx.obj
            Creating library ..\..\..\..\Bike_Plugin\odedll.lib and object ..\..\..\..\Bike_Plugin\odedll.exp
         odedll.vcxproj -> C:\Users\zammie\Music\__BikeODE\Yah_Finally\build\_vs2010\odedll\..\..\..\..\Bike_Plugin\odedll.dll
       FinalizeBuildStatus:
         Deleting file "x64\Debug\odedll.unsuccessfulbuild".
         Touching "x64\Debug\odedll.lastbuildstate".
     1>Done Building Project "C:\Users\zammie\Music\__BikeODE\Yah_Finally\build\_vs2010\odedll\odedll.vcxproj" (rebuild target(s)).

Build succeeded.

Time Elapsed 00:00:01.60
