..\..\..\..\Bike_Plugin\odedll.ilk
..\..\..\..\Bike_Plugin\odedll.pdb
C:\USERS\ZAMMIE\MUSIC\__BIKEODE\BIKE_PLUGIN\ODEDLL.DLL
C:\Users\zammie\Music\__BikeODE\Bike_Plugin\odedll.exp
C:\USERS\ZAMMIE\MUSIC\__BIKEODE\BIKE_PLUGIN\ODEDLL.ILK
C:\Users\zammie\Music\__BikeODE\Bike_Plugin\odedll.lib
C:\USERS\ZAMMIE\MUSIC\__BIKEODE\BIKE_PLUGIN\ODEDLL.PDB
C:\Users\zammie\Music\__BikeODE\Yah_Finally\build\_vs2010\odedll\..\..\..\..\Bike_Plugin\odedll.dll
C:\Users\zammie\Music\__BikeODE\Yah_Finally\build\_vs2010\odedll\x64\Debug\cl.command.1.tlog
C:\Users\zammie\Music\__BikeODE\Yah_Finally\build\_vs2010\odedll\x64\Debug\CL.read.1.tlog
C:\Users\zammie\Music\__BikeODE\Yah_Finally\build\_vs2010\odedll\x64\Debug\CL.write.1.tlog
C:\USERS\ZAMMIE\MUSIC\__BIKEODE\YAH_FINALLY\BUILD\_VS2010\ODEDLL\X64\DEBUG\DLLMAIN.OBJ
C:\Users\zammie\Music\__BikeODE\Yah_Finally\build\_vs2010\odedll\x64\Debug\link.4716.read.1.tlog
C:\Users\zammie\Music\__BikeODE\Yah_Finally\build\_vs2010\odedll\x64\Debug\link.4716.write.1.tlog
C:\Users\zammie\Music\__BikeODE\Yah_Finally\build\_vs2010\odedll\x64\Debug\link.4716-cvtres.read.1.tlog
C:\Users\zammie\Music\__BikeODE\Yah_Finally\build\_vs2010\odedll\x64\Debug\link.4716-cvtres.write.1.tlog
C:\Users\zammie\Music\__BikeODE\Yah_Finally\build\_vs2010\odedll\x64\Debug\link.command.1.tlog
C:\Users\zammie\Music\__BikeODE\Yah_Finally\build\_vs2010\odedll\x64\Debug\link.read.1.tlog
C:\Users\zammie\Music\__BikeODE\Yah_Finally\build\_vs2010\odedll\x64\Debug\link.write.1.tlog
C:\Users\zammie\Music\__BikeODE\Yah_Finally\build\_vs2010\odedll\x64\Debug\link-cvtres.read.1.tlog
C:\Users\zammie\Music\__BikeODE\Yah_Finally\build\_vs2010\odedll\x64\Debug\link-cvtres.write.1.tlog
C:\Users\zammie\Music\__BikeODE\Yah_Finally\build\_vs2010\odedll\x64\Debug\mt.command.1.tlog
C:\Users\zammie\Music\__BikeODE\Yah_Finally\build\_vs2010\odedll\x64\Debug\mt.read.1.tlog
C:\Users\zammie\Music\__BikeODE\Yah_Finally\build\_vs2010\odedll\x64\Debug\mt.write.1.tlog
C:\USERS\ZAMMIE\MUSIC\__BIKEODE\YAH_FINALLY\BUILD\_VS2010\ODEDLL\X64\DEBUG\ODEDLL.DLL.EMBED.MANIFEST
C:\USERS\ZAMMIE\MUSIC\__BIKEODE\YAH_FINALLY\BUILD\_VS2010\ODEDLL\X64\DEBUG\ODEDLL.DLL.EMBED.MANIFEST.RES
C:\USERS\ZAMMIE\MUSIC\__BIKEODE\YAH_FINALLY\BUILD\_VS2010\ODEDLL\X64\DEBUG\ODEDLL.DLL.INTERMEDIATE.MANIFEST
C:\USERS\ZAMMIE\MUSIC\__BIKEODE\YAH_FINALLY\BUILD\_VS2010\ODEDLL\X64\DEBUG\ODEDLL.OBJ
C:\USERS\ZAMMIE\MUSIC\__BIKEODE\YAH_FINALLY\BUILD\_VS2010\ODEDLL\X64\DEBUG\ODEDLL.PCH
C:\Users\zammie\Music\__BikeODE\Yah_Finally\build\_vs2010\odedll\x64\Debug\odedll.write.1.tlog
C:\Users\zammie\Music\__BikeODE\Yah_Finally\build\_vs2010\odedll\x64\Debug\odedll_manifest.rc
C:\Users\zammie\Music\__BikeODE\Yah_Finally\build\_vs2010\odedll\x64\Debug\rc.command.1.tlog
C:\Users\zammie\Music\__BikeODE\Yah_Finally\build\_vs2010\odedll\x64\Debug\rc.read.1.tlog
C:\Users\zammie\Music\__BikeODE\Yah_Finally\build\_vs2010\odedll\x64\Debug\rc.write.1.tlog
C:\USERS\ZAMMIE\MUSIC\__BIKEODE\YAH_FINALLY\BUILD\_VS2010\ODEDLL\X64\DEBUG\STDAFX.OBJ
C:\Users\zammie\Music\__BikeODE\Yah_Finally\build\_vs2010\odedll\x64\Debug\vc100.idb
C:\USERS\ZAMMIE\MUSIC\__BIKEODE\YAH_FINALLY\BUILD\_VS2010\ODEDLL\X64\DEBUG\VC100.PDB
