Build started 5/8/2015 9:03:51 PM.
     1>Project "C:\Users\zammie\Music\__BikeODE\Yah_Finally\build\_vs2010\ode.vcxproj" on node 3 (rebuild target(s)).
     1>_PrepareForClean:
         Deleting file "obj\DebugDoubleDLL\ode\ode.lastbuildstate".
       InitializeBuildStatus:
         Creating "obj\DebugDoubleDLL\ode\ode.unsuccessfulbuild" because "AlwaysCreate" was specified.
       ClCompile:
         c:\Program Files (x86)\Microsoft Visual Studio 10.0\VC\bin\x86_amd64\CL.exe /c /I..\..\include /I..\..\ode\src /I..\..\ode\src\joints /I..\..\OPCODE /I..\..\GIMPACT\include /I..\..\libccd\src /I..\..\ou\include /Zi /nologo /W3 /WX- /Od /D _MT /D _DEBUG /D dIDEDOUBLE /D CCD_IDEDOUBLE /D WIN32 /D _CRT_SECURE_NO_DEPRECATE /D _USE_MATH_DEFINES /D _OU_NAMESPACE=odeou /D ODE_DLL /D _DLL /D _WINDLL /D _MBCS /Gm /EHsc /RTC1 /MDd /GS /Gy /fp:precise /Zc:wchar_t /Zc:forScope /Fo"obj\DebugDoubleDLL\ode\\" /Fd"obj\DebugDoubleDLL\ode\vc100.pdb" /Gd /TP /errorReport:prompt ..\..\ode\src\joints\amotor.cpp ..\..\ode\src\joints\ball.cpp ..\..\ode\src\joints\contact.cpp ..\..\ode\src\joints\dball.cpp ..\..\ode\src\joints\dhinge.cpp ..\..\ode\src\joints\fixed.cpp ..\..\ode\src\joints\hinge.cpp ..\..\ode\src\joints\hinge2.cpp ..\..\ode\src\joints\joint.cpp ..\..\ode\src\joints\lmotor.cpp ..\..\ode\src\joints\null.cpp ..\..\ode\src\joints\piston.cpp ..\..\ode\src\joints\plane2d.cpp ..\..\ode\src\joints\pr.cpp ..\..\ode\src\joints\pu.cpp ..\..\ode\src\joints\slider.cpp ..\..\ode\src\joints\transmission.cpp ..\..\ode\src\joints\universal.cpp ..\..\ode\src\array.cpp ..\..\ode\src\box.cpp ..\..\ode\src\capsule.cpp ..\..\ode\src\collision_cylinder_box.cpp ..\..\ode\src\collision_cylinder_plane.cpp ..\..\ode\src\collision_cylinder_sphere.cpp ..\..\ode\src\collision_cylinder_trimesh.cpp ..\..\ode\src\collision_kernel.cpp ..\..\ode\src\collision_quadtreespace.cpp ..\..\ode\src\collision_sapspace.cpp ..\..\ode\src\collision_space.cpp ..\..\ode\src\collision_transform.cpp ..\..\ode\src\collision_trimesh_box.cpp ..\..\ode\src\collision_trimesh_ccylinder.cpp ..\..\ode\src\collision_trimesh_disabled.cpp ..\..\ode\src\collision_trimesh_distance.cpp ..\..\ode\src\collision_trimesh_gimpact.cpp ..\..\ode\src\collision_trimesh_opcode.cpp ..\..\ode\src\collision_trimesh_plane.cpp ..\..\ode\src\collision_trimesh_ray.cpp ..\..\ode\src\collision_trimesh_sphere.cpp ..\..\ode\src\collision_trimesh_trimesh.cpp ..\..\ode\src\collision_trimesh_trimesh_new.cpp ..\..\ode\src\collision_util.cpp ..\..\ode\src\convex.cpp ..\..\ode\src\cylinder.cpp ..\..\ode\src\error.cpp "..\..\ode\src\export-dif.cpp" ..\..\ode\src\heightfield.cpp ..\..\ode\src\lcp.cpp ..\..\ode\src\mass.cpp ..\..\ode\src\mat.cpp ..\..\ode\src\matrix.cpp ..\..\ode\src\memory.cpp ..\..\ode\src\misc.cpp ..\..\ode\src\objects.cpp ..\..\ode\src\obstack.cpp ..\..\ode\src\ode.cpp ..\..\ode\src\odeinit.cpp ..\..\ode\src\odemath.cpp ..\..\ode\src\odeou.cpp ..\..\ode\src\odetls.cpp ..\..\ode\src\plane.cpp ..\..\ode\src\quickstep.cpp ..\..\ode\src\ray.cpp ..\..\ode\src\rotation.cpp ..\..\ode\src\sphere.cpp ..\..\ode\src\step.cpp ..\..\ode\src\threading_base.cpp ..\..\ode\src\threading_impl.cpp ..\..\ode\src\threading_pool_posix.cpp ..\..\ode\src\threading_pool_win.cpp ..\..\ode\src\timer.cpp ..\..\ode\src\util.cpp ..\..\ou\src\ou\atomic.cpp ..\..\ou\src\ou\customization.cpp ..\..\ou\src\ou\malloc.cpp ..\..\ou\src\ou\threadlocalstorage.cpp ..\..\ou\test\outest.cpp ..\..\OPCODE\Opcode.cpp ..\..\OPCODE\OPC_AABBCollider.cpp ..\..\OPCODE\OPC_AABBTree.cpp ..\..\OPCODE\OPC_BaseModel.cpp ..\..\OPCODE\OPC_Collider.cpp ..\..\OPCODE\OPC_Common.cpp ..\..\OPCODE\OPC_HybridModel.cpp ..\..\OPCODE\OPC_LSSCollider.cpp ..\..\OPCODE\OPC_MeshInterface.cpp ..\..\OPCODE\OPC_Model.cpp ..\..\OPCODE\OPC_OBBCollider.cpp ..\..\OPCODE\OPC_OptimizedTree.cpp ..\..\OPCODE\OPC_Picking.cpp ..\..\OPCODE\OPC_PlanesCollider.cpp ..\..\OPCODE\OPC_RayCollider.cpp ..\..\OPCODE\OPC_SphereCollider.cpp ..\..\OPCODE\OPC_TreeBuilders.cpp ..\..\OPCODE\OPC_TreeCollider.cpp ..\..\OPCODE\OPC_VolumeCollider.cpp ..\..\OPCODE\Ice\IceAABB.cpp ..\..\OPCODE\Ice\IceContainer.cpp ..\..\OPCODE\Ice\IceHPoint.cpp ..\..\OPCODE\Ice\IceIndexedTriangle.cpp ..\..\OPCODE\Ice\IceMatrix3x3.cpp ..\..\OPCODE\Ice\IceMatrix4x4.cpp ..\..\OPCODE\Ice\IceOBB.cpp ..\..\OPCODE\Ice\IcePlane.cpp ..\..\OPCODE\Ice\IcePoint.cpp ..\..\OPCODE\Ice\IceRandom.cpp ..\..\OPCODE\Ice\IceRay.cpp ..\..\OPCODE\Ice\IceRevisitedRadix.cpp ..\..\OPCODE\Ice\IceSegment.cpp ..\..\OPCODE\Ice\IceTriangle.cpp ..\..\OPCODE\Ice\IceUtils.cpp
         IceUtils.cpp
         IceTriangle.cpp
         IceSegment.cpp
         IceRevisitedRadix.cpp
         IceRay.cpp
         IceRandom.cpp
         IcePoint.cpp
         IcePlane.cpp
         IceOBB.cpp
         IceMatrix4x4.cpp
         IceMatrix3x3.cpp
         IceIndexedTriangle.cpp
         IceHPoint.cpp
         IceContainer.cpp
         IceAABB.cpp
         OPC_VolumeCollider.cpp
         OPC_TreeCollider.cpp
     1>..\..\OPCODE\OPC_TreeCollider.cpp(489): warning C4267: 'argument' : conversion from 'size_t' to 'udword', possible loss of data
     1>..\..\OPCODE\OPC_TreeCollider.cpp(489): warning C4267: 'argument' : conversion from 'size_t' to 'udword', possible loss of data
     1>..\..\OPCODE\OPC_TreeCollider.cpp(612): warning C4267: 'argument' : conversion from 'size_t' to 'udword', possible loss of data
     1>..\..\OPCODE\OPC_TreeCollider.cpp(618): warning C4267: 'argument' : conversion from 'size_t' to 'udword', possible loss of data
     1>..\..\OPCODE\OPC_TreeCollider.cpp(634): warning C4267: 'argument' : conversion from 'size_t' to 'udword', possible loss of data
     1>..\..\OPCODE\OPC_TreeCollider.cpp(640): warning C4267: 'argument' : conversion from 'size_t' to 'udword', possible loss of data
     1>..\..\OPCODE\OPC_TreeCollider.cpp(672): warning C4267: '=' : conversion from 'size_t' to 'udword', possible loss of data
     1>..\..\OPCODE\OPC_TreeCollider.cpp(672): warning C4267: 'argument' : conversion from 'size_t' to 'udword', possible loss of data
     1>..\..\OPCODE\OPC_TreeCollider.cpp(674): warning C4267: 'argument' : conversion from 'size_t' to 'udword', possible loss of data
     1>..\..\OPCODE\OPC_TreeCollider.cpp(679): warning C4267: 'argument' : conversion from 'size_t' to 'udword', possible loss of data
     1>..\..\OPCODE\OPC_TreeCollider.cpp(686): warning C4267: '=' : conversion from 'size_t' to 'udword', possible loss of data
     1>..\..\OPCODE\OPC_TreeCollider.cpp(686): warning C4267: 'argument' : conversion from 'size_t' to 'udword', possible loss of data
     1>..\..\OPCODE\OPC_TreeCollider.cpp(696): warning C4267: '=' : conversion from 'size_t' to 'udword', possible loss of data
     1>..\..\OPCODE\OPC_TreeCollider.cpp(696): warning C4267: 'argument' : conversion from 'size_t' to 'udword', possible loss of data
     1>..\..\OPCODE\OPC_TreeCollider.cpp(707): warning C4267: '=' : conversion from 'size_t' to 'udword', possible loss of data
     1>..\..\OPCODE\OPC_TreeCollider.cpp(707): warning C4267: 'argument' : conversion from 'size_t' to 'udword', possible loss of data
     1>..\..\OPCODE\OPC_TreeCollider.cpp(709): warning C4267: 'argument' : conversion from 'size_t' to 'udword', possible loss of data
     1>..\..\OPCODE\OPC_TreeCollider.cpp(714): warning C4267: 'argument' : conversion from 'size_t' to 'udword', possible loss of data
     1>..\..\OPCODE\OPC_TreeCollider.cpp(722): warning C4267: '=' : conversion from 'size_t' to 'udword', possible loss of data
     1>..\..\OPCODE\OPC_TreeCollider.cpp(722): warning C4267: 'argument' : conversion from 'size_t' to 'udword', possible loss of data
     1>..\..\OPCODE\OPC_TreeCollider.cpp(733): warning C4267: '=' : conversion from 'size_t' to 'udword', possible loss of data
     1>..\..\OPCODE\OPC_TreeCollider.cpp(733): warning C4267: 'argument' : conversion from 'size_t' to 'udword', possible loss of data
     1>..\..\OPCODE\OPC_TreeCollider.cpp(761): warning C4267: 'argument' : conversion from 'size_t' to 'udword', possible loss of data
     1>..\..\OPCODE\OPC_TreeCollider.cpp(761): warning C4267: 'argument' : conversion from 'size_t' to 'udword', possible loss of data
     1>..\..\OPCODE\OPC_TreeCollider.cpp(818): warning C4267: 'argument' : conversion from 'size_t' to 'udword', possible loss of data
     1>..\..\OPCODE\OPC_TreeCollider.cpp(823): warning C4267: 'argument' : conversion from 'size_t' to 'udword', possible loss of data
     1>..\..\OPCODE\OPC_TreeCollider.cpp(844): warning C4267: 'argument' : conversion from 'size_t' to 'udword', possible loss of data
     1>..\..\OPCODE\OPC_TreeCollider.cpp(849): warning C4267: 'argument' : conversion from 'size_t' to 'udword', possible loss of data
     1>..\..\OPCODE\OPC_TreeCollider.cpp(880): warning C4267: '=' : conversion from 'size_t' to 'udword', possible loss of data
     1>..\..\OPCODE\OPC_TreeCollider.cpp(880): warning C4267: 'argument' : conversion from 'size_t' to 'udword', possible loss of data
     1>..\..\OPCODE\OPC_TreeCollider.cpp(882): warning C4267: 'argument' : conversion from 'size_t' to 'udword', possible loss of data
     1>..\..\OPCODE\OPC_TreeCollider.cpp(887): warning C4267: 'argument' : conversion from 'size_t' to 'udword', possible loss of data
     1>..\..\OPCODE\OPC_TreeCollider.cpp(894): warning C4267: '=' : conversion from 'size_t' to 'udword', possible loss of data
     1>..\..\OPCODE\OPC_TreeCollider.cpp(894): warning C4267: 'argument' : conversion from 'size_t' to 'udword', possible loss of data
     1>..\..\OPCODE\OPC_TreeCollider.cpp(904): warning C4267: '=' : conversion from 'size_t' to 'udword', possible loss of data
     1>..\..\OPCODE\OPC_TreeCollider.cpp(904): warning C4267: 'argument' : conversion from 'size_t' to 'udword', possible loss of data
     1>..\..\OPCODE\OPC_TreeCollider.cpp(915): warning C4267: '=' : conversion from 'size_t' to 'udword', possible loss of data
     1>..\..\OPCODE\OPC_TreeCollider.cpp(915): warning C4267: 'argument' : conversion from 'size_t' to 'udword', possible loss of data
     1>..\..\OPCODE\OPC_TreeCollider.cpp(917): warning C4267: 'argument' : conversion from 'size_t' to 'udword', possible loss of data
     1>..\..\OPCODE\OPC_TreeCollider.cpp(922): warning C4267: 'argument' : conversion from 'size_t' to 'udword', possible loss of data
     1>..\..\OPCODE\OPC_TreeCollider.cpp(930): warning C4267: '=' : conversion from 'size_t' to 'udword', possible loss of data
     1>..\..\OPCODE\OPC_TreeCollider.cpp(930): warning C4267: 'argument' : conversion from 'size_t' to 'udword', possible loss of data
     1>..\..\OPCODE\OPC_TreeCollider.cpp(941): warning C4267: '=' : conversion from 'size_t' to 'udword', possible loss of data
     1>..\..\OPCODE\OPC_TreeCollider.cpp(941): warning C4267: 'argument' : conversion from 'size_t' to 'udword', possible loss of data
         OPC_TreeBuilders.cpp
         OPC_SphereCollider.cpp
     1>..\..\OPCODE\OPC_SphereCollider.cpp(365): warning C4267: 'argument' : conversion from 'size_t' to 'udword', possible loss of data
     1>..\..\OPCODE\OPC_SphereCollider.cpp(424): warning C4267: 'argument' : conversion from 'size_t' to 'udword', possible loss of data
     1>..\..\OPCODE\OPC_SphereCollider.cpp(481): warning C4267: 'argument' : conversion from 'size_t' to 'udword', possible loss of data
     1>..\..\OPCODE\OPC_SphereCollider.cpp(486): warning C4267: 'argument' : conversion from 'size_t' to 'udword', possible loss of data
     1>..\..\OPCODE\OPC_SphereCollider.cpp(530): warning C4267: 'argument' : conversion from 'size_t' to 'udword', possible loss of data
     1>..\..\OPCODE\OPC_SphereCollider.cpp(535): warning C4267: 'argument' : conversion from 'size_t' to 'udword', possible loss of data
         OPC_RayCollider.cpp
     1>..\..\OPCODE\OPC_RayCollider.cpp(502): warning C4267: 'argument' : conversion from 'size_t' to 'udword', possible loss of data
     1>..\..\OPCODE\OPC_RayCollider.cpp(502): warning C4267: '=' : conversion from 'size_t' to 'udword', possible loss of data
     1>..\..\OPCODE\OPC_RayCollider.cpp(532): warning C4267: 'argument' : conversion from 'size_t' to 'udword', possible loss of data
     1>..\..\OPCODE\OPC_RayCollider.cpp(532): warning C4267: '=' : conversion from 'size_t' to 'udword', possible loss of data
     1>..\..\OPCODE\OPC_RayCollider.cpp(557): warning C4267: 'argument' : conversion from 'size_t' to 'udword', possible loss of data
     1>..\..\OPCODE\OPC_RayCollider.cpp(557): warning C4267: '=' : conversion from 'size_t' to 'udword', possible loss of data
     1>..\..\OPCODE\OPC_RayCollider.cpp(565): warning C4267: 'argument' : conversion from 'size_t' to 'udword', possible loss of data
     1>..\..\OPCODE\OPC_RayCollider.cpp(565): warning C4267: '=' : conversion from 'size_t' to 'udword', possible loss of data
     1>..\..\OPCODE\OPC_RayCollider.cpp(588): warning C4267: 'argument' : conversion from 'size_t' to 'udword', possible loss of data
     1>..\..\OPCODE\OPC_RayCollider.cpp(588): warning C4267: '=' : conversion from 'size_t' to 'udword', possible loss of data
     1>..\..\OPCODE\OPC_RayCollider.cpp(596): warning C4267: 'argument' : conversion from 'size_t' to 'udword', possible loss of data
     1>..\..\OPCODE\OPC_RayCollider.cpp(596): warning C4267: '=' : conversion from 'size_t' to 'udword', possible loss of data
     1>..\..\OPCODE\OPC_RayCollider.cpp(640): warning C4267: 'argument' : conversion from 'size_t' to 'udword', possible loss of data
     1>..\..\OPCODE\OPC_RayCollider.cpp(640): warning C4267: '=' : conversion from 'size_t' to 'udword', possible loss of data
     1>..\..\OPCODE\OPC_RayCollider.cpp(670): warning C4267: 'argument' : conversion from 'size_t' to 'udword', possible loss of data
     1>..\..\OPCODE\OPC_RayCollider.cpp(670): warning C4267: '=' : conversion from 'size_t' to 'udword', possible loss of data
     1>..\..\OPCODE\OPC_RayCollider.cpp(695): warning C4267: 'argument' : conversion from 'size_t' to 'udword', possible loss of data
     1>..\..\OPCODE\OPC_RayCollider.cpp(695): warning C4267: '=' : conversion from 'size_t' to 'udword', possible loss of data
     1>..\..\OPCODE\OPC_RayCollider.cpp(703): warning C4267: 'argument' : conversion from 'size_t' to 'udword', possible loss of data
     1>..\..\OPCODE\OPC_RayCollider.cpp(703): warning C4267: '=' : conversion from 'size_t' to 'udword', possible loss of data
     1>..\..\OPCODE\OPC_RayCollider.cpp(726): warning C4267: 'argument' : conversion from 'size_t' to 'udword', possible loss of data
     1>..\..\OPCODE\OPC_RayCollider.cpp(726): warning C4267: '=' : conversion from 'size_t' to 'udword', possible loss of data
     1>..\..\OPCODE\OPC_RayCollider.cpp(734): warning C4267: 'argument' : conversion from 'size_t' to 'udword', possible loss of data
     1>..\..\OPCODE\OPC_RayCollider.cpp(734): warning C4267: '=' : conversion from 'size_t' to 'udword', possible loss of data
         Generating Code...
         Compiling...
         OPC_PlanesCollider.cpp
     1>..\..\OPCODE\OPC_PlanesCollider.cpp(287): warning C4267: 'argument' : conversion from 'size_t' to 'udword', possible loss of data
     1>..\..\OPCODE\OPC_PlanesCollider.cpp(350): warning C4267: 'argument' : conversion from 'size_t' to 'udword', possible loss of data
     1>..\..\OPCODE\OPC_PlanesCollider.cpp(411): warning C4267: 'argument' : conversion from 'size_t' to 'udword', possible loss of data
     1>..\..\OPCODE\OPC_PlanesCollider.cpp(416): warning C4267: 'argument' : conversion from 'size_t' to 'udword', possible loss of data
     1>..\..\OPCODE\OPC_PlanesCollider.cpp(464): warning C4267: 'argument' : conversion from 'size_t' to 'udword', possible loss of data
     1>..\..\OPCODE\OPC_PlanesCollider.cpp(469): warning C4267: 'argument' : conversion from 'size_t' to 'udword', possible loss of data
         OPC_Picking.cpp
         OPC_OptimizedTree.cpp
     1>..\..\OPCODE\OPC_OptimizedTree.cpp(397): warning C4267: 'argument' : conversion from 'size_t' to 'udword', possible loss of data
     1>..\..\OPCODE\OPC_OptimizedTree.cpp(409): warning C4267: 'argument' : conversion from 'size_t' to 'udword', possible loss of data
         OPC_OBBCollider.cpp
     1>..\..\OPCODE\OPC_OBBCollider.cpp(420): warning C4267: 'argument' : conversion from 'size_t' to 'udword', possible loss of data
     1>..\..\OPCODE\OPC_OBBCollider.cpp(479): warning C4267: 'argument' : conversion from 'size_t' to 'udword', possible loss of data
     1>..\..\OPCODE\OPC_OBBCollider.cpp(536): warning C4267: 'argument' : conversion from 'size_t' to 'udword', possible loss of data
     1>..\..\OPCODE\OPC_OBBCollider.cpp(541): warning C4267: 'argument' : conversion from 'size_t' to 'udword', possible loss of data
     1>..\..\OPCODE\OPC_OBBCollider.cpp(585): warning C4267: 'argument' : conversion from 'size_t' to 'udword', possible loss of data
     1>..\..\OPCODE\OPC_OBBCollider.cpp(590): warning C4267: 'argument' : conversion from 'size_t' to 'udword', possible loss of data
         OPC_Model.cpp
         OPC_MeshInterface.cpp
         OPC_LSSCollider.cpp
     1>..\..\OPCODE\OPC_LSSCollider.cpp(352): warning C4267: 'argument' : conversion from 'size_t' to 'udword', possible loss of data
     1>..\..\OPCODE\OPC_LSSCollider.cpp(411): warning C4267: 'argument' : conversion from 'size_t' to 'udword', possible loss of data
     1>..\..\OPCODE\OPC_LSSCollider.cpp(468): warning C4267: 'argument' : conversion from 'size_t' to 'udword', possible loss of data
     1>..\..\OPCODE\OPC_LSSCollider.cpp(473): warning C4267: 'argument' : conversion from 'size_t' to 'udword', possible loss of data
     1>..\..\OPCODE\OPC_LSSCollider.cpp(517): warning C4267: 'argument' : conversion from 'size_t' to 'udword', possible loss of data
     1>..\..\OPCODE\OPC_LSSCollider.cpp(522): warning C4267: 'argument' : conversion from 'size_t' to 'udword', possible loss of data
         OPC_HybridModel.cpp
         OPC_Common.cpp
         OPC_Collider.cpp
         OPC_BaseModel.cpp
         OPC_AABBTree.cpp
         OPC_AABBCollider.cpp
     1>..\..\OPCODE\OPC_AABBCollider.cpp(325): warning C4267: 'argument' : conversion from 'size_t' to 'udword', possible loss of data
     1>..\..\OPCODE\OPC_AABBCollider.cpp(384): warning C4267: 'argument' : conversion from 'size_t' to 'udword', possible loss of data
     1>..\..\OPCODE\OPC_AABBCollider.cpp(441): warning C4267: 'argument' : conversion from 'size_t' to 'udword', possible loss of data
     1>..\..\OPCODE\OPC_AABBCollider.cpp(446): warning C4267: 'argument' : conversion from 'size_t' to 'udword', possible loss of data
     1>..\..\OPCODE\OPC_AABBCollider.cpp(490): warning C4267: 'argument' : conversion from 'size_t' to 'udword', possible loss of data
     1>..\..\OPCODE\OPC_AABBCollider.cpp(495): warning C4267: 'argument' : conversion from 'size_t' to 'udword', possible loss of data
         Opcode.cpp
         outest.cpp
         threadlocalstorage.cpp
         malloc.cpp
         customization.cpp
         atomic.cpp
         util.cpp
         Generating Code...
         Compiling...
         timer.cpp
         threading_pool_win.cpp
         threading_pool_posix.cpp
         threading_impl.cpp
         threading_base.cpp
         step.cpp
         sphere.cpp
         rotation.cpp
         ray.cpp
         quickstep.cpp
     1>..\..\ode\src\quickstep.cpp(1018): warning C4244: '=' : conversion from '__int64' to 'unsigned int', possible loss of data
         plane.cpp
         odetls.cpp
         odeou.cpp
         odemath.cpp
         odeinit.cpp
         ode.cpp
         obstack.cpp
         objects.cpp
         misc.cpp
         memory.cpp
         Generating Code...
         Compiling...
         matrix.cpp
         mat.cpp
         mass.cpp
         lcp.cpp
         heightfield.cpp
         export-dif.cpp
         error.cpp
         cylinder.cpp
         convex.cpp
     1>..\..\ode\src\convex.cpp(343): warning C4244: 'initializing' : conversion from 'dReal' to 'float', possible loss of data
     1>..\..\ode\src\convex.cpp(344): warning C4244: 'initializing' : conversion from 'dReal' to 'float', possible loss of data
     1>..\..\ode\src\convex.cpp(345): warning C4244: 'initializing' : conversion from 'dReal' to 'float', possible loss of data
     1>..\..\ode\src\convex.cpp(355): warning C4244: 'return' : conversion from 'dReal' to 'float', possible loss of data
     1>..\..\ode\src\convex.cpp(366): warning C4244: 'initializing' : conversion from 'dReal' to 'float', possible loss of data
     1>..\..\ode\src\convex.cpp(376): warning C4244: 'initializing' : conversion from 'dReal' to 'float', possible loss of data
     1>..\..\ode\src\convex.cpp(429): warning C4244: 'return' : conversion from 'dReal' to 'float', possible loss of data
         collision_util.cpp
         collision_trimesh_trimesh_new.cpp
         collision_trimesh_trimesh.cpp
         collision_trimesh_sphere.cpp
     1>..\..\ode\src\collision_trimesh_sphere.cpp(266): warning C4244: '=' : conversion from 'const dReal' to 'float', possible loss of data
     1>..\..\ode\src\collision_trimesh_sphere.cpp(267): warning C4244: '=' : conversion from 'const dReal' to 'float', possible loss of data
     1>..\..\ode\src\collision_trimesh_sphere.cpp(268): warning C4244: '=' : conversion from 'const dReal' to 'float', possible loss of data
     1>..\..\ode\src\collision_trimesh_sphere.cpp(269): warning C4244: '=' : conversion from 'dReal' to 'float', possible loss of data
         collision_trimesh_ray.cpp
     1>..\..\ode\src\collision_trimesh_ray.cpp(62): warning C4244: 'argument' : conversion from 'dReal' to 'float', possible loss of data
     1>..\..\ode\src\collision_trimesh_ray.cpp(69): warning C4244: '=' : conversion from 'dReal' to 'float', possible loss of data
     1>..\..\ode\src\collision_trimesh_ray.cpp(70): warning C4244: '=' : conversion from 'dReal' to 'float', possible loss of data
     1>..\..\ode\src\collision_trimesh_ray.cpp(71): warning C4244: '=' : conversion from 'dReal' to 'float', possible loss of data
     1>..\..\ode\src\collision_trimesh_ray.cpp(72): warning C4244: '=' : conversion from 'dReal' to 'float', possible loss of data
     1>..\..\ode\src\collision_trimesh_ray.cpp(73): warning C4244: '=' : conversion from 'dReal' to 'float', possible loss of data
     1>..\..\ode\src\collision_trimesh_ray.cpp(74): warning C4244: '=' : conversion from 'dReal' to 'float', possible loss of data
         collision_trimesh_plane.cpp
         collision_trimesh_opcode.cpp
         collision_trimesh_gimpact.cpp
         collision_trimesh_distance.cpp
         collision_trimesh_disabled.cpp
         collision_trimesh_ccylinder.cpp
     1>..\..\ode\src\collision_trimesh_ccylinder.cpp(982): warning C4244: 'argument' : conversion from 'const dReal' to 'float', possible loss of data
     1>..\..\ode\src\collision_trimesh_ccylinder.cpp(982): warning C4244: 'argument' : conversion from 'const dReal' to 'float', possible loss of data
     1>..\..\ode\src\collision_trimesh_ccylinder.cpp(982): warning C4244: 'argument' : conversion from 'const dReal' to 'float', possible loss of data
     1>..\..\ode\src\collision_trimesh_ccylinder.cpp(983): warning C4244: 'argument' : conversion from 'const dReal' to 'float', possible loss of data
     1>..\..\ode\src\collision_trimesh_ccylinder.cpp(983): warning C4244: 'argument' : conversion from 'const dReal' to 'float', possible loss of data
     1>..\..\ode\src\collision_trimesh_ccylinder.cpp(983): warning C4244: 'argument' : conversion from 'const dReal' to 'float', possible loss of data
     1>..\..\ode\src\collision_trimesh_ccylinder.cpp(989): warning C4244: '=' : conversion from 'const dReal' to 'float', possible loss of data
     1>..\..\ode\src\collision_trimesh_ccylinder.cpp(990): warning C4244: '=' : conversion from 'const dReal' to 'float', possible loss of data
     1>..\..\ode\src\collision_trimesh_ccylinder.cpp(991): warning C4244: '=' : conversion from 'const dReal' to 'float', possible loss of data
     1>..\..\ode\src\collision_trimesh_ccylinder.cpp(993): warning C4244: '=' : conversion from 'const dReal' to 'float', possible loss of data
     1>..\..\ode\src\collision_trimesh_ccylinder.cpp(994): warning C4244: '=' : conversion from 'const dReal' to 'float', possible loss of data
     1>..\..\ode\src\collision_trimesh_ccylinder.cpp(995): warning C4244: '=' : conversion from 'const dReal' to 'float', possible loss of data
     1>..\..\ode\src\collision_trimesh_ccylinder.cpp(997): warning C4244: '=' : conversion from 'const dReal' to 'float', possible loss of data
     1>..\..\ode\src\collision_trimesh_ccylinder.cpp(998): warning C4244: '=' : conversion from 'const dReal' to 'float', possible loss of data
     1>..\..\ode\src\collision_trimesh_ccylinder.cpp(999): warning C4244: '=' : conversion from 'const dReal' to 'float', possible loss of data
         Generating Code...
         Compiling...
         collision_trimesh_box.cpp
     1>..\..\ode\src\collision_trimesh_box.cpp(1153): warning C4244: '=' : conversion from 'const dReal' to 'float', possible loss of data
     1>..\..\ode\src\collision_trimesh_box.cpp(1154): warning C4244: '=' : conversion from 'const dReal' to 'float', possible loss of data
     1>..\..\ode\src\collision_trimesh_box.cpp(1155): warning C4244: '=' : conversion from 'const dReal' to 'float', possible loss of data
     1>..\..\ode\src\collision_trimesh_box.cpp(1163): warning C4244: '=' : conversion from 'const dReal' to 'float', possible loss of data
     1>..\..\ode\src\collision_trimesh_box.cpp(1164): warning C4244: '=' : conversion from 'const dReal' to 'float', possible loss of data
     1>..\..\ode\src\collision_trimesh_box.cpp(1165): warning C4244: '=' : conversion from 'const dReal' to 'float', possible loss of data
     1>..\..\ode\src\collision_trimesh_box.cpp(1167): warning C4244: '=' : conversion from 'const dReal' to 'float', possible loss of data
     1>..\..\ode\src\collision_trimesh_box.cpp(1168): warning C4244: '=' : conversion from 'const dReal' to 'float', possible loss of data
     1>..\..\ode\src\collision_trimesh_box.cpp(1169): warning C4244: '=' : conversion from 'const dReal' to 'float', possible loss of data
     1>..\..\ode\src\collision_trimesh_box.cpp(1171): warning C4244: '=' : conversion from 'const dReal' to 'float', possible loss of data
     1>..\..\ode\src\collision_trimesh_box.cpp(1172): warning C4244: '=' : conversion from 'const dReal' to 'float', possible loss of data
     1>..\..\ode\src\collision_trimesh_box.cpp(1173): warning C4244: '=' : conversion from 'const dReal' to 'float', possible loss of data
     1>..\..\ode\src\collision_trimesh_box.cpp(1175): warning C4244: '=' : conversion from 'const dReal' to 'float', possible loss of data
     1>..\..\ode\src\collision_trimesh_box.cpp(1176): warning C4244: '=' : conversion from 'const dReal' to 'float', possible loss of data
     1>..\..\ode\src\collision_trimesh_box.cpp(1177): warning C4244: '=' : conversion from 'const dReal' to 'float', possible loss of data
         collision_transform.cpp
         collision_space.cpp
     1>..\..\ode\src\collision_space.cpp(461): warning C4267: '=' : conversion from 'size_t' to 'int', possible loss of data
     1>..\..\ode\src\collision_space.cpp(472): warning C4267: 'initializing' : conversion from 'size_t' to 'int', possible loss of data
         collision_sapspace.cpp
         collision_quadtreespace.cpp
         collision_kernel.cpp
         collision_cylinder_trimesh.cpp
     1>..\..\ode\src\collision_cylinder_trimesh.cpp(976): warning C4244: 'argument' : conversion from 'const dReal' to 'float', possible loss of data
     1>..\..\ode\src\collision_cylinder_trimesh.cpp(976): warning C4244: 'argument' : conversion from 'const dReal' to 'float', possible loss of data
     1>..\..\ode\src\collision_cylinder_trimesh.cpp(976): warning C4244: 'argument' : conversion from 'const dReal' to 'float', possible loss of data
     1>..\..\ode\src\collision_cylinder_trimesh.cpp(978): warning C4244: 'argument' : conversion from 'dReal' to 'float', possible loss of data
     1>..\..\ode\src\collision_cylinder_trimesh.cpp(978): warning C4244: 'argument' : conversion from 'dReal' to 'float', possible loss of data
     1>..\..\ode\src\collision_cylinder_trimesh.cpp(978): warning C4244: 'argument' : conversion from 'dReal' to 'float', possible loss of data
     1>..\..\ode\src\collision_cylinder_trimesh.cpp(979): warning C4244: '=' : conversion from 'dReal' to 'float', possible loss of data
     1>..\..\ode\src\collision_cylinder_trimesh.cpp(991): warning C4244: '=' : conversion from 'const dReal' to 'float', possible loss of data
     1>..\..\ode\src\collision_cylinder_trimesh.cpp(992): warning C4244: '=' : conversion from 'const dReal' to 'float', possible loss of data
     1>..\..\ode\src\collision_cylinder_trimesh.cpp(993): warning C4244: '=' : conversion from 'const dReal' to 'float', possible loss of data
     1>..\..\ode\src\collision_cylinder_trimesh.cpp(995): warning C4244: '=' : conversion from 'const dReal' to 'float', possible loss of data
     1>..\..\ode\src\collision_cylinder_trimesh.cpp(996): warning C4244: '=' : conversion from 'const dReal' to 'float', possible loss of data
     1>..\..\ode\src\collision_cylinder_trimesh.cpp(997): warning C4244: '=' : conversion from 'const dReal' to 'float', possible loss of data
     1>..\..\ode\src\collision_cylinder_trimesh.cpp(999): warning C4244: '=' : conversion from 'const dReal' to 'float', possible loss of data
     1>..\..\ode\src\collision_cylinder_trimesh.cpp(1000): warning C4244: '=' : conversion from 'const dReal' to 'float', possible loss of data
     1>..\..\ode\src\collision_cylinder_trimesh.cpp(1001): warning C4244: '=' : conversion from 'const dReal' to 'float', possible loss of data
         collision_cylinder_sphere.cpp
         collision_cylinder_plane.cpp
         collision_cylinder_box.cpp
         capsule.cpp
         box.cpp
         array.cpp
         universal.cpp
         transmission.cpp
         slider.cpp
         pu.cpp
         pr.cpp
         plane2d.cpp
         piston.cpp
         Generating Code...
         Compiling...
         null.cpp
         lmotor.cpp
         joint.cpp
         hinge2.cpp
         hinge.cpp
         fixed.cpp
         dhinge.cpp
         dball.cpp
         contact.cpp
         ball.cpp
         amotor.cpp
         Generating Code...
         c:\Program Files (x86)\Microsoft Visual Studio 10.0\VC\bin\x86_amd64\CL.exe /c /I..\..\include /I..\..\ode\src /I..\..\ode\src\joints /I..\..\OPCODE /I..\..\GIMPACT\include /I..\..\libccd\src /I..\..\ou\include /Zi /nologo /W3 /WX- /Od /D _MT /D _DEBUG /D dIDEDOUBLE /D CCD_IDEDOUBLE /D WIN32 /D _CRT_SECURE_NO_DEPRECATE /D _USE_MATH_DEFINES /D _OU_NAMESPACE=odeou /D ODE_DLL /D _DLL /D _WINDLL /D _MBCS /Gm /EHsc /RTC1 /MDd /GS /Gy /fp:precise /Zc:wchar_t /Zc:forScope /Fo"obj\DebugDoubleDLL\ode\\" /Fd"obj\DebugDoubleDLL\ode\vc100.pdb" /Gd /TC /errorReport:prompt ..\..\ode\src\fastdot.c ..\..\ode\src\fastldlt.c ..\..\ode\src\fastlsolve.c ..\..\ode\src\fastltsolve.c ..\..\ode\src\nextafterf.c
         nextafterf.c
         fastltsolve.c
         fastlsolve.c
         fastldlt.c
         fastdot.c
         Generating Code...
       ManifestResourceCompile:
         C:\Program Files (x86)\Microsoft SDKs\Windows\v7.0A\bin\rc.exe /nologo /fo"obj\DebugDoubleDLL\ode\ode_doubled.dll.embed.manifest.res" obj\DebugDoubleDLL\ode\ode_doubled_manifest.rc 
       Link:
         c:\Program Files (x86)\Microsoft Visual Studio 10.0\VC\bin\x86_amd64\link.exe /ERRORREPORT:PROMPT /OUT:"..\..\lib\DebugDoubleDLL\ode_doubled.dll" /INCREMENTAL /NOLOGO user32.lib kernel32.lib user32.lib gdi32.lib winspool.lib comdlg32.lib advapi32.lib shell32.lib ole32.lib oleaut32.lib uuid.lib odbc32.lib odbccp32.lib /MANIFEST /ManifestFile:"obj\DebugDoubleDLL\ode\ode_doubled.dll.intermediate.manifest" /MANIFESTUAC:"level='asInvoker' uiAccess='false'" /DEBUG /PDB:"C:\Users\zammie\Music\__BikeODE\Yah_Finally\lib\DebugDoubleDLL\ode_doubled.pdb" /SUBSYSTEM:WINDOWS /TLBID:1 /DYNAMICBASE /NXCOMPAT /IMPLIB:"..\..\lib\DebugDoubleDLL\ode_doubled.lib" /MACHINE:X64 /DLL obj\DebugDoubleDLL\ode\ode_doubled.dll.embed.manifest.res
         obj\DebugDoubleDLL\ode\amotor.obj
         obj\DebugDoubleDLL\ode\ball.obj
         obj\DebugDoubleDLL\ode\contact.obj
         obj\DebugDoubleDLL\ode\dball.obj
         obj\DebugDoubleDLL\ode\dhinge.obj
         obj\DebugDoubleDLL\ode\fixed.obj
         obj\DebugDoubleDLL\ode\hinge.obj
         obj\DebugDoubleDLL\ode\hinge2.obj
         obj\DebugDoubleDLL\ode\joint.obj
         obj\DebugDoubleDLL\ode\lmotor.obj
         obj\DebugDoubleDLL\ode\null.obj
         obj\DebugDoubleDLL\ode\piston.obj
         obj\DebugDoubleDLL\ode\plane2d.obj
         obj\DebugDoubleDLL\ode\pr.obj
         obj\DebugDoubleDLL\ode\pu.obj
         obj\DebugDoubleDLL\ode\slider.obj
         obj\DebugDoubleDLL\ode\transmission.obj
         obj\DebugDoubleDLL\ode\universal.obj
         obj\DebugDoubleDLL\ode\fastdot.obj
         obj\DebugDoubleDLL\ode\fastldlt.obj
         obj\DebugDoubleDLL\ode\fastlsolve.obj
         obj\DebugDoubleDLL\ode\fastltsolve.obj
         obj\DebugDoubleDLL\ode\nextafterf.obj
         obj\DebugDoubleDLL\ode\array.obj
         obj\DebugDoubleDLL\ode\box.obj
         obj\DebugDoubleDLL\ode\capsule.obj
         obj\DebugDoubleDLL\ode\collision_cylinder_box.obj
         obj\DebugDoubleDLL\ode\collision_cylinder_plane.obj
         obj\DebugDoubleDLL\ode\collision_cylinder_sphere.obj
         obj\DebugDoubleDLL\ode\collision_cylinder_trimesh.obj
         obj\DebugDoubleDLL\ode\collision_kernel.obj
         obj\DebugDoubleDLL\ode\collision_quadtreespace.obj
         obj\DebugDoubleDLL\ode\collision_sapspace.obj
         obj\DebugDoubleDLL\ode\collision_space.obj
         obj\DebugDoubleDLL\ode\collision_transform.obj
         obj\DebugDoubleDLL\ode\collision_trimesh_box.obj
         obj\DebugDoubleDLL\ode\collision_trimesh_ccylinder.obj
         obj\DebugDoubleDLL\ode\collision_trimesh_disabled.obj
         obj\DebugDoubleDLL\ode\collision_trimesh_distance.obj
         obj\DebugDoubleDLL\ode\collision_trimesh_gimpact.obj
         obj\DebugDoubleDLL\ode\collision_trimesh_opcode.obj
         obj\DebugDoubleDLL\ode\collision_trimesh_plane.obj
         obj\DebugDoubleDLL\ode\collision_trimesh_ray.obj
         obj\DebugDoubleDLL\ode\collision_trimesh_sphere.obj
         obj\DebugDoubleDLL\ode\collision_trimesh_trimesh.obj
         obj\DebugDoubleDLL\ode\collision_trimesh_trimesh_new.obj
         obj\DebugDoubleDLL\ode\collision_util.obj
         obj\DebugDoubleDLL\ode\convex.obj
         obj\DebugDoubleDLL\ode\cylinder.obj
         obj\DebugDoubleDLL\ode\error.obj
         "obj\DebugDoubleDLL\ode\export-dif.obj"
         obj\DebugDoubleDLL\ode\heightfield.obj
         obj\DebugDoubleDLL\ode\lcp.obj
         obj\DebugDoubleDLL\ode\mass.obj
         obj\DebugDoubleDLL\ode\mat.obj
         obj\DebugDoubleDLL\ode\matrix.obj
         obj\DebugDoubleDLL\ode\memory.obj
         obj\DebugDoubleDLL\ode\misc.obj
         obj\DebugDoubleDLL\ode\objects.obj
         obj\DebugDoubleDLL\ode\obstack.obj
         obj\DebugDoubleDLL\ode\ode.obj
         obj\DebugDoubleDLL\ode\odeinit.obj
         obj\DebugDoubleDLL\ode\odemath.obj
         obj\DebugDoubleDLL\ode\odeou.obj
         obj\DebugDoubleDLL\ode\odetls.obj
         obj\DebugDoubleDLL\ode\plane.obj
         obj\DebugDoubleDLL\ode\quickstep.obj
         obj\DebugDoubleDLL\ode\ray.obj
         obj\DebugDoubleDLL\ode\rotation.obj
         obj\DebugDoubleDLL\ode\sphere.obj
         obj\DebugDoubleDLL\ode\step.obj
         obj\DebugDoubleDLL\ode\threading_base.obj
         obj\DebugDoubleDLL\ode\threading_impl.obj
         obj\DebugDoubleDLL\ode\threading_pool_posix.obj
         obj\DebugDoubleDLL\ode\threading_pool_win.obj
         obj\DebugDoubleDLL\ode\timer.obj
         obj\DebugDoubleDLL\ode\util.obj
         obj\DebugDoubleDLL\ode\atomic.obj
         obj\DebugDoubleDLL\ode\customization.obj
         obj\DebugDoubleDLL\ode\malloc.obj
         obj\DebugDoubleDLL\ode\threadlocalstorage.obj
         obj\DebugDoubleDLL\ode\outest.obj
         obj\DebugDoubleDLL\ode\Opcode.obj
         obj\DebugDoubleDLL\ode\OPC_AABBCollider.obj
         obj\DebugDoubleDLL\ode\OPC_AABBTree.obj
         obj\DebugDoubleDLL\ode\OPC_BaseModel.obj
         obj\DebugDoubleDLL\ode\OPC_Collider.obj
         obj\DebugDoubleDLL\ode\OPC_Common.obj
         obj\DebugDoubleDLL\ode\OPC_HybridModel.obj
         obj\DebugDoubleDLL\ode\OPC_LSSCollider.obj
         obj\DebugDoubleDLL\ode\OPC_MeshInterface.obj
         obj\DebugDoubleDLL\ode\OPC_Model.obj
         obj\DebugDoubleDLL\ode\OPC_OBBCollider.obj
         obj\DebugDoubleDLL\ode\OPC_OptimizedTree.obj
         obj\DebugDoubleDLL\ode\OPC_Picking.obj
         obj\DebugDoubleDLL\ode\OPC_PlanesCollider.obj
         obj\DebugDoubleDLL\ode\OPC_RayCollider.obj
         obj\DebugDoubleDLL\ode\OPC_SphereCollider.obj
         obj\DebugDoubleDLL\ode\OPC_TreeBuilders.obj
         obj\DebugDoubleDLL\ode\OPC_TreeCollider.obj
         obj\DebugDoubleDLL\ode\OPC_VolumeCollider.obj
         obj\DebugDoubleDLL\ode\IceAABB.obj
         obj\DebugDoubleDLL\ode\IceContainer.obj
         obj\DebugDoubleDLL\ode\IceHPoint.obj
         obj\DebugDoubleDLL\ode\IceIndexedTriangle.obj
         obj\DebugDoubleDLL\ode\IceMatrix3x3.obj
         obj\DebugDoubleDLL\ode\IceMatrix4x4.obj
         obj\DebugDoubleDLL\ode\IceOBB.obj
         obj\DebugDoubleDLL\ode\IcePlane.obj
         obj\DebugDoubleDLL\ode\IcePoint.obj
         obj\DebugDoubleDLL\ode\IceRandom.obj
         obj\DebugDoubleDLL\ode\IceRay.obj
         obj\DebugDoubleDLL\ode\IceRevisitedRadix.obj
         obj\DebugDoubleDLL\ode\IceSegment.obj
         obj\DebugDoubleDLL\ode\IceTriangle.obj
         obj\DebugDoubleDLL\ode\IceUtils.obj
            Creating library ..\..\lib\DebugDoubleDLL\ode_doubled.lib and object ..\..\lib\DebugDoubleDLL\ode_doubled.exp
         ode.vcxproj -> C:\Users\zammie\Music\__BikeODE\Yah_Finally\build\_vs2010\..\..\lib\DebugDoubleDLL\ode_doubled.dll
       Manifest:
         Deleting file "obj\DebugDoubleDLL\ode\ode_doubled.dll.embed.manifest".
         C:\Program Files (x86)\Microsoft SDKs\Windows\v7.0A\bin\mt.exe /nologo /verbose /out:"obj\DebugDoubleDLL\ode\ode_doubled.dll.embed.manifest" /manifest obj\DebugDoubleDLL\ode\ode_doubled.dll.intermediate.manifest
         C:\Program Files (x86)\Microsoft SDKs\Windows\v7.0A\bin\rc.exe /nologo /fo"obj\DebugDoubleDLL\ode\ode_doubled.dll.embed.manifest.res" obj\DebugDoubleDLL\ode\ode_doubled_manifest.rc 
       LinkEmbedManifest:
         c:\Program Files (x86)\Microsoft Visual Studio 10.0\VC\bin\x86_amd64\link.exe /ERRORREPORT:PROMPT /OUT:"..\..\lib\DebugDoubleDLL\ode_doubled.dll" /INCREMENTAL /NOLOGO user32.lib kernel32.lib user32.lib gdi32.lib winspool.lib comdlg32.lib advapi32.lib shell32.lib ole32.lib oleaut32.lib uuid.lib odbc32.lib odbccp32.lib /MANIFEST /ManifestFile:"obj\DebugDoubleDLL\ode\ode_doubled.dll.intermediate.manifest" /MANIFESTUAC:"level='asInvoker' uiAccess='false'" /DEBUG /PDB:"C:\Users\zammie\Music\__BikeODE\Yah_Finally\lib\DebugDoubleDLL\ode_doubled.pdb" /SUBSYSTEM:WINDOWS /TLBID:1 /DYNAMICBASE /NXCOMPAT /IMPLIB:"..\..\lib\DebugDoubleDLL\ode_doubled.lib" /MACHINE:X64 /DLL obj\DebugDoubleDLL\ode\ode_doubled.dll.embed.manifest.res
         obj\DebugDoubleDLL\ode\amotor.obj
         obj\DebugDoubleDLL\ode\ball.obj
         obj\DebugDoubleDLL\ode\contact.obj
         obj\DebugDoubleDLL\ode\dball.obj
         obj\DebugDoubleDLL\ode\dhinge.obj
         obj\DebugDoubleDLL\ode\fixed.obj
         obj\DebugDoubleDLL\ode\hinge.obj
         obj\DebugDoubleDLL\ode\hinge2.obj
         obj\DebugDoubleDLL\ode\joint.obj
         obj\DebugDoubleDLL\ode\lmotor.obj
         obj\DebugDoubleDLL\ode\null.obj
         obj\DebugDoubleDLL\ode\piston.obj
         obj\DebugDoubleDLL\ode\plane2d.obj
         obj\DebugDoubleDLL\ode\pr.obj
         obj\DebugDoubleDLL\ode\pu.obj
         obj\DebugDoubleDLL\ode\slider.obj
         obj\DebugDoubleDLL\ode\transmission.obj
         obj\DebugDoubleDLL\ode\universal.obj
         obj\DebugDoubleDLL\ode\fastdot.obj
         obj\DebugDoubleDLL\ode\fastldlt.obj
         obj\DebugDoubleDLL\ode\fastlsolve.obj
         obj\DebugDoubleDLL\ode\fastltsolve.obj
         obj\DebugDoubleDLL\ode\nextafterf.obj
         obj\DebugDoubleDLL\ode\array.obj
         obj\DebugDoubleDLL\ode\box.obj
         obj\DebugDoubleDLL\ode\capsule.obj
         obj\DebugDoubleDLL\ode\collision_cylinder_box.obj
         obj\DebugDoubleDLL\ode\collision_cylinder_plane.obj
         obj\DebugDoubleDLL\ode\collision_cylinder_sphere.obj
         obj\DebugDoubleDLL\ode\collision_cylinder_trimesh.obj
         obj\DebugDoubleDLL\ode\collision_kernel.obj
         obj\DebugDoubleDLL\ode\collision_quadtreespace.obj
         obj\DebugDoubleDLL\ode\collision_sapspace.obj
         obj\DebugDoubleDLL\ode\collision_space.obj
         obj\DebugDoubleDLL\ode\collision_transform.obj
         obj\DebugDoubleDLL\ode\collision_trimesh_box.obj
         obj\DebugDoubleDLL\ode\collision_trimesh_ccylinder.obj
         obj\DebugDoubleDLL\ode\collision_trimesh_disabled.obj
         obj\DebugDoubleDLL\ode\collision_trimesh_distance.obj
         obj\DebugDoubleDLL\ode\collision_trimesh_gimpact.obj
         obj\DebugDoubleDLL\ode\collision_trimesh_opcode.obj
         obj\DebugDoubleDLL\ode\collision_trimesh_plane.obj
         obj\DebugDoubleDLL\ode\collision_trimesh_ray.obj
         obj\DebugDoubleDLL\ode\collision_trimesh_sphere.obj
         obj\DebugDoubleDLL\ode\collision_trimesh_trimesh.obj
         obj\DebugDoubleDLL\ode\collision_trimesh_trimesh_new.obj
         obj\DebugDoubleDLL\ode\collision_util.obj
         obj\DebugDoubleDLL\ode\convex.obj
         obj\DebugDoubleDLL\ode\cylinder.obj
         obj\DebugDoubleDLL\ode\error.obj
         "obj\DebugDoubleDLL\ode\export-dif.obj"
         obj\DebugDoubleDLL\ode\heightfield.obj
         obj\DebugDoubleDLL\ode\lcp.obj
         obj\DebugDoubleDLL\ode\mass.obj
         obj\DebugDoubleDLL\ode\mat.obj
         obj\DebugDoubleDLL\ode\matrix.obj
         obj\DebugDoubleDLL\ode\memory.obj
         obj\DebugDoubleDLL\ode\misc.obj
         obj\DebugDoubleDLL\ode\objects.obj
         obj\DebugDoubleDLL\ode\obstack.obj
         obj\DebugDoubleDLL\ode\ode.obj
         obj\DebugDoubleDLL\ode\odeinit.obj
         obj\DebugDoubleDLL\ode\odemath.obj
         obj\DebugDoubleDLL\ode\odeou.obj
         obj\DebugDoubleDLL\ode\odetls.obj
         obj\DebugDoubleDLL\ode\plane.obj
         obj\DebugDoubleDLL\ode\quickstep.obj
         obj\DebugDoubleDLL\ode\ray.obj
         obj\DebugDoubleDLL\ode\rotation.obj
         obj\DebugDoubleDLL\ode\sphere.obj
         obj\DebugDoubleDLL\ode\step.obj
         obj\DebugDoubleDLL\ode\threading_base.obj
         obj\DebugDoubleDLL\ode\threading_impl.obj
         obj\DebugDoubleDLL\ode\threading_pool_posix.obj
         obj\DebugDoubleDLL\ode\threading_pool_win.obj
         obj\DebugDoubleDLL\ode\timer.obj
         obj\DebugDoubleDLL\ode\util.obj
         obj\DebugDoubleDLL\ode\atomic.obj
         obj\DebugDoubleDLL\ode\customization.obj
         obj\DebugDoubleDLL\ode\malloc.obj
         obj\DebugDoubleDLL\ode\threadlocalstorage.obj
         obj\DebugDoubleDLL\ode\outest.obj
         obj\DebugDoubleDLL\ode\Opcode.obj
         obj\DebugDoubleDLL\ode\OPC_AABBCollider.obj
         obj\DebugDoubleDLL\ode\OPC_AABBTree.obj
         obj\DebugDoubleDLL\ode\OPC_BaseModel.obj
         obj\DebugDoubleDLL\ode\OPC_Collider.obj
         obj\DebugDoubleDLL\ode\OPC_Common.obj
         obj\DebugDoubleDLL\ode\OPC_HybridModel.obj
         obj\DebugDoubleDLL\ode\OPC_LSSCollider.obj
         obj\DebugDoubleDLL\ode\OPC_MeshInterface.obj
         obj\DebugDoubleDLL\ode\OPC_Model.obj
         obj\DebugDoubleDLL\ode\OPC_OBBCollider.obj
         obj\DebugDoubleDLL\ode\OPC_OptimizedTree.obj
         obj\DebugDoubleDLL\ode\OPC_Picking.obj
         obj\DebugDoubleDLL\ode\OPC_PlanesCollider.obj
         obj\DebugDoubleDLL\ode\OPC_RayCollider.obj
         obj\DebugDoubleDLL\ode\OPC_SphereCollider.obj
         obj\DebugDoubleDLL\ode\OPC_TreeBuilders.obj
         obj\DebugDoubleDLL\ode\OPC_TreeCollider.obj
         obj\DebugDoubleDLL\ode\OPC_VolumeCollider.obj
         obj\DebugDoubleDLL\ode\IceAABB.obj
         obj\DebugDoubleDLL\ode\IceContainer.obj
         obj\DebugDoubleDLL\ode\IceHPoint.obj
         obj\DebugDoubleDLL\ode\IceIndexedTriangle.obj
         obj\DebugDoubleDLL\ode\IceMatrix3x3.obj
         obj\DebugDoubleDLL\ode\IceMatrix4x4.obj
         obj\DebugDoubleDLL\ode\IceOBB.obj
         obj\DebugDoubleDLL\ode\IcePlane.obj
         obj\DebugDoubleDLL\ode\IcePoint.obj
         obj\DebugDoubleDLL\ode\IceRandom.obj
         obj\DebugDoubleDLL\ode\IceRay.obj
         obj\DebugDoubleDLL\ode\IceRevisitedRadix.obj
         obj\DebugDoubleDLL\ode\IceSegment.obj
         obj\DebugDoubleDLL\ode\IceTriangle.obj
         obj\DebugDoubleDLL\ode\IceUtils.obj
            Creating library ..\..\lib\DebugDoubleDLL\ode_doubled.lib and object ..\..\lib\DebugDoubleDLL\ode_doubled.exp
         ode.vcxproj -> C:\Users\zammie\Music\__BikeODE\Yah_Finally\build\_vs2010\..\..\lib\DebugDoubleDLL\ode_doubled.dll
       FinalizeBuildStatus:
         Deleting file "obj\DebugDoubleDLL\ode\ode.unsuccessfulbuild".
         Touching "obj\DebugDoubleDLL\ode\ode.lastbuildstate".
     1>Done Building Project "C:\Users\zammie\Music\__BikeODE\Yah_Finally\build\_vs2010\ode.vcxproj" (rebuild target(s)).

Build succeeded.

Time Elapsed 00:00:34.85
