..\..\lib\DebugDoubleDLL\ode_doubled.ilk
..\..\lib\DebugDoubleDLL\ode_doubled.pdb
C:\Users\zammie\Music\__BikeODE\Yah_Finally\build\_vs2010\..\..\lib\DebugDoubleDLL\ode_doubled.dll
C:\USERS\ZAMMIE\MUSIC\__BIKEODE\YAH_FINALLY\BUILD\_VS2010\OBJ\DEBUGDOUBLEDLL\ODE\AMOTOR.OBJ
C:\USERS\ZAMMIE\MUSIC\__BIKEODE\YAH_FINALLY\BUILD\_VS2010\OBJ\DEBUGDOUBLEDLL\ODE\ARRAY.OBJ
C:\USERS\ZAMMIE\MUSIC\__BIKEODE\YAH_FINALLY\BUILD\_VS2010\OBJ\DEBUGDOUBLEDLL\ODE\ATOMIC.OBJ
C:\USERS\ZAMMIE\MUSIC\__BIKEODE\YAH_FINALLY\BUILD\_VS2010\OBJ\DEBUGDOUBLEDLL\ODE\BALL.OBJ
C:\USERS\ZAMMIE\MUSIC\__BIKEODE\YAH_FINALLY\BUILD\_VS2010\OBJ\DEBUGDOUBLEDLL\ODE\BOX.OBJ
C:\USERS\ZAMMIE\MUSIC\__BIKEODE\YAH_FINALLY\BUILD\_VS2010\OBJ\DEBUGDOUBLEDLL\ODE\CAPSULE.OBJ
C:\Users\zammie\Music\__BikeODE\Yah_Finally\build\_vs2010\obj\DebugDoubleDLL\ode\cl.command.1.tlog
C:\Users\zammie\Music\__BikeODE\Yah_Finally\build\_vs2010\obj\DebugDoubleDLL\ode\CL.read.1.tlog
C:\Users\zammie\Music\__BikeODE\Yah_Finally\build\_vs2010\obj\DebugDoubleDLL\ode\CL.write.1.tlog
C:\USERS\ZAMMIE\MUSIC\__BIKEODE\YAH_FINALLY\BUILD\_VS2010\OBJ\DEBUGDOUBLEDLL\ODE\COLLISION_CYLINDER_BOX.OBJ
C:\USERS\ZAMMIE\MUSIC\__BIKEODE\YAH_FINALLY\BUILD\_VS2010\OBJ\DEBUGDOUBLEDLL\ODE\COLLISION_CYLINDER_PLANE.OBJ
C:\USERS\ZAMMIE\MUSIC\__BIKEODE\YAH_FINALLY\BUILD\_VS2010\OBJ\DEBUGDOUBLEDLL\ODE\COLLISION_CYLINDER_SPHERE.OBJ
C:\USERS\ZAMMIE\MUSIC\__BIKEODE\YAH_FINALLY\BUILD\_VS2010\OBJ\DEBUGDOUBLEDLL\ODE\COLLISION_CYLINDER_TRIMESH.OBJ
C:\USERS\ZAMMIE\MUSIC\__BIKEODE\YAH_FINALLY\BUILD\_VS2010\OBJ\DEBUGDOUBLEDLL\ODE\COLLISION_KERNEL.OBJ
C:\USERS\ZAMMIE\MUSIC\__BIKEODE\YAH_FINALLY\BUILD\_VS2010\OBJ\DEBUGDOUBLEDLL\ODE\COLLISION_QUADTREESPACE.OBJ
C:\USERS\ZAMMIE\MUSIC\__BIKEODE\YAH_FINALLY\BUILD\_VS2010\OBJ\DEBUGDOUBLEDLL\ODE\COLLISION_SAPSPACE.OBJ
C:\USERS\ZAMMIE\MUSIC\__BIKEODE\YAH_FINALLY\BUILD\_VS2010\OBJ\DEBUGDOUBLEDLL\ODE\COLLISION_SPACE.OBJ
C:\USERS\ZAMMIE\MUSIC\__BIKEODE\YAH_FINALLY\BUILD\_VS2010\OBJ\DEBUGDOUBLEDLL\ODE\COLLISION_TRANSFORM.OBJ
C:\USERS\ZAMMIE\MUSIC\__BIKEODE\YAH_FINALLY\BUILD\_VS2010\OBJ\DEBUGDOUBLEDLL\ODE\COLLISION_TRIMESH_BOX.OBJ
C:\USERS\ZAMMIE\MUSIC\__BIKEODE\YAH_FINALLY\BUILD\_VS2010\OBJ\DEBUGDOUBLEDLL\ODE\COLLISION_TRIMESH_CCYLINDER.OBJ
C:\USERS\ZAMMIE\MUSIC\__BIKEODE\YAH_FINALLY\BUILD\_VS2010\OBJ\DEBUGDOUBLEDLL\ODE\COLLISION_TRIMESH_DISABLED.OBJ
C:\USERS\ZAMMIE\MUSIC\__BIKEODE\YAH_FINALLY\BUILD\_VS2010\OBJ\DEBUGDOUBLEDLL\ODE\COLLISION_TRIMESH_DISTANCE.OBJ
C:\USERS\ZAMMIE\MUSIC\__BIKEODE\YAH_FINALLY\BUILD\_VS2010\OBJ\DEBUGDOUBLEDLL\ODE\COLLISION_TRIMESH_GIMPACT.OBJ
C:\USERS\ZAMMIE\MUSIC\__BIKEODE\YAH_FINALLY\BUILD\_VS2010\OBJ\DEBUGDOUBLEDLL\ODE\COLLISION_TRIMESH_OPCODE.OBJ
C:\USERS\ZAMMIE\MUSIC\__BIKEODE\YAH_FINALLY\BUILD\_VS2010\OBJ\DEBUGDOUBLEDLL\ODE\COLLISION_TRIMESH_PLANE.OBJ
C:\USERS\ZAMMIE\MUSIC\__BIKEODE\YAH_FINALLY\BUILD\_VS2010\OBJ\DEBUGDOUBLEDLL\ODE\COLLISION_TRIMESH_RAY.OBJ
C:\USERS\ZAMMIE\MUSIC\__BIKEODE\YAH_FINALLY\BUILD\_VS2010\OBJ\DEBUGDOUBLEDLL\ODE\COLLISION_TRIMESH_SPHERE.OBJ
C:\USERS\ZAMMIE\MUSIC\__BIKEODE\YAH_FINALLY\BUILD\_VS2010\OBJ\DEBUGDOUBLEDLL\ODE\COLLISION_TRIMESH_TRIMESH.OBJ
C:\USERS\ZAMMIE\MUSIC\__BIKEODE\YAH_FINALLY\BUILD\_VS2010\OBJ\DEBUGDOUBLEDLL\ODE\COLLISION_TRIMESH_TRIMESH_NEW.OBJ
C:\USERS\ZAMMIE\MUSIC\__BIKEODE\YAH_FINALLY\BUILD\_VS2010\OBJ\DEBUGDOUBLEDLL\ODE\COLLISION_UTIL.OBJ
C:\USERS\ZAMMIE\MUSIC\__BIKEODE\YAH_FINALLY\BUILD\_VS2010\OBJ\DEBUGDOUBLEDLL\ODE\CONTACT.OBJ
C:\USERS\ZAMMIE\MUSIC\__BIKEODE\YAH_FINALLY\BUILD\_VS2010\OBJ\DEBUGDOUBLEDLL\ODE\CONVEX.OBJ
C:\USERS\ZAMMIE\MUSIC\__BIKEODE\YAH_FINALLY\BUILD\_VS2010\OBJ\DEBUGDOUBLEDLL\ODE\CUSTOMIZATION.OBJ
C:\USERS\ZAMMIE\MUSIC\__BIKEODE\YAH_FINALLY\BUILD\_VS2010\OBJ\DEBUGDOUBLEDLL\ODE\CYLINDER.OBJ
C:\USERS\ZAMMIE\MUSIC\__BIKEODE\YAH_FINALLY\BUILD\_VS2010\OBJ\DEBUGDOUBLEDLL\ODE\DBALL.OBJ
C:\USERS\ZAMMIE\MUSIC\__BIKEODE\YAH_FINALLY\BUILD\_VS2010\OBJ\DEBUGDOUBLEDLL\ODE\DHINGE.OBJ
C:\USERS\ZAMMIE\MUSIC\__BIKEODE\YAH_FINALLY\BUILD\_VS2010\OBJ\DEBUGDOUBLEDLL\ODE\ERROR.OBJ
C:\USERS\ZAMMIE\MUSIC\__BIKEODE\YAH_FINALLY\BUILD\_VS2010\OBJ\DEBUGDOUBLEDLL\ODE\EXPORT-DIF.OBJ
C:\USERS\ZAMMIE\MUSIC\__BIKEODE\YAH_FINALLY\BUILD\_VS2010\OBJ\DEBUGDOUBLEDLL\ODE\FASTDOT.OBJ
C:\USERS\ZAMMIE\MUSIC\__BIKEODE\YAH_FINALLY\BUILD\_VS2010\OBJ\DEBUGDOUBLEDLL\ODE\FASTLDLT.OBJ
C:\USERS\ZAMMIE\MUSIC\__BIKEODE\YAH_FINALLY\BUILD\_VS2010\OBJ\DEBUGDOUBLEDLL\ODE\FASTLSOLVE.OBJ
C:\USERS\ZAMMIE\MUSIC\__BIKEODE\YAH_FINALLY\BUILD\_VS2010\OBJ\DEBUGDOUBLEDLL\ODE\FASTLTSOLVE.OBJ
C:\USERS\ZAMMIE\MUSIC\__BIKEODE\YAH_FINALLY\BUILD\_VS2010\OBJ\DEBUGDOUBLEDLL\ODE\FIXED.OBJ
C:\USERS\ZAMMIE\MUSIC\__BIKEODE\YAH_FINALLY\BUILD\_VS2010\OBJ\DEBUGDOUBLEDLL\ODE\HEIGHTFIELD.OBJ
C:\USERS\ZAMMIE\MUSIC\__BIKEODE\YAH_FINALLY\BUILD\_VS2010\OBJ\DEBUGDOUBLEDLL\ODE\HINGE.OBJ
C:\USERS\ZAMMIE\MUSIC\__BIKEODE\YAH_FINALLY\BUILD\_VS2010\OBJ\DEBUGDOUBLEDLL\ODE\HINGE2.OBJ
C:\USERS\ZAMMIE\MUSIC\__BIKEODE\YAH_FINALLY\BUILD\_VS2010\OBJ\DEBUGDOUBLEDLL\ODE\ICEAABB.OBJ
C:\USERS\ZAMMIE\MUSIC\__BIKEODE\YAH_FINALLY\BUILD\_VS2010\OBJ\DEBUGDOUBLEDLL\ODE\ICECONTAINER.OBJ
C:\USERS\ZAMMIE\MUSIC\__BIKEODE\YAH_FINALLY\BUILD\_VS2010\OBJ\DEBUGDOUBLEDLL\ODE\ICEHPOINT.OBJ
C:\USERS\ZAMMIE\MUSIC\__BIKEODE\YAH_FINALLY\BUILD\_VS2010\OBJ\DEBUGDOUBLEDLL\ODE\ICEINDEXEDTRIANGLE.OBJ
C:\USERS\ZAMMIE\MUSIC\__BIKEODE\YAH_FINALLY\BUILD\_VS2010\OBJ\DEBUGDOUBLEDLL\ODE\ICEMATRIX3X3.OBJ
C:\USERS\ZAMMIE\MUSIC\__BIKEODE\YAH_FINALLY\BUILD\_VS2010\OBJ\DEBUGDOUBLEDLL\ODE\ICEMATRIX4X4.OBJ
C:\USERS\ZAMMIE\MUSIC\__BIKEODE\YAH_FINALLY\BUILD\_VS2010\OBJ\DEBUGDOUBLEDLL\ODE\ICEOBB.OBJ
C:\USERS\ZAMMIE\MUSIC\__BIKEODE\YAH_FINALLY\BUILD\_VS2010\OBJ\DEBUGDOUBLEDLL\ODE\ICEPLANE.OBJ
C:\USERS\ZAMMIE\MUSIC\__BIKEODE\YAH_FINALLY\BUILD\_VS2010\OBJ\DEBUGDOUBLEDLL\ODE\ICEPOINT.OBJ
C:\USERS\ZAMMIE\MUSIC\__BIKEODE\YAH_FINALLY\BUILD\_VS2010\OBJ\DEBUGDOUBLEDLL\ODE\ICERANDOM.OBJ
C:\USERS\ZAMMIE\MUSIC\__BIKEODE\YAH_FINALLY\BUILD\_VS2010\OBJ\DEBUGDOUBLEDLL\ODE\ICERAY.OBJ
C:\USERS\ZAMMIE\MUSIC\__BIKEODE\YAH_FINALLY\BUILD\_VS2010\OBJ\DEBUGDOUBLEDLL\ODE\ICEREVISITEDRADIX.OBJ
C:\USERS\ZAMMIE\MUSIC\__BIKEODE\YAH_FINALLY\BUILD\_VS2010\OBJ\DEBUGDOUBLEDLL\ODE\ICESEGMENT.OBJ
C:\USERS\ZAMMIE\MUSIC\__BIKEODE\YAH_FINALLY\BUILD\_VS2010\OBJ\DEBUGDOUBLEDLL\ODE\ICETRIANGLE.OBJ
C:\USERS\ZAMMIE\MUSIC\__BIKEODE\YAH_FINALLY\BUILD\_VS2010\OBJ\DEBUGDOUBLEDLL\ODE\ICEUTILS.OBJ
C:\USERS\ZAMMIE\MUSIC\__BIKEODE\YAH_FINALLY\BUILD\_VS2010\OBJ\DEBUGDOUBLEDLL\ODE\JOINT.OBJ
C:\USERS\ZAMMIE\MUSIC\__BIKEODE\YAH_FINALLY\BUILD\_VS2010\OBJ\DEBUGDOUBLEDLL\ODE\LCP.OBJ
C:\Users\zammie\Music\__BikeODE\Yah_Finally\build\_vs2010\obj\DebugDoubleDLL\ode\link.7228.read.1.tlog
C:\Users\zammie\Music\__BikeODE\Yah_Finally\build\_vs2010\obj\DebugDoubleDLL\ode\link.7228.write.1.tlog
C:\Users\zammie\Music\__BikeODE\Yah_Finally\build\_vs2010\obj\DebugDoubleDLL\ode\link.7228-cvtres.read.1.tlog
C:\Users\zammie\Music\__BikeODE\Yah_Finally\build\_vs2010\obj\DebugDoubleDLL\ode\link.7228-cvtres.write.1.tlog
C:\Users\zammie\Music\__BikeODE\Yah_Finally\build\_vs2010\obj\DebugDoubleDLL\ode\link.command.1.tlog
C:\Users\zammie\Music\__BikeODE\Yah_Finally\build\_vs2010\obj\DebugDoubleDLL\ode\link.read.1.tlog
C:\Users\zammie\Music\__BikeODE\Yah_Finally\build\_vs2010\obj\DebugDoubleDLL\ode\link.write.1.tlog
C:\Users\zammie\Music\__BikeODE\Yah_Finally\build\_vs2010\obj\DebugDoubleDLL\ode\link-cvtres.read.1.tlog
C:\Users\zammie\Music\__BikeODE\Yah_Finally\build\_vs2010\obj\DebugDoubleDLL\ode\link-cvtres.write.1.tlog
C:\USERS\ZAMMIE\MUSIC\__BIKEODE\YAH_FINALLY\BUILD\_VS2010\OBJ\DEBUGDOUBLEDLL\ODE\LMOTOR.OBJ
C:\USERS\ZAMMIE\MUSIC\__BIKEODE\YAH_FINALLY\BUILD\_VS2010\OBJ\DEBUGDOUBLEDLL\ODE\MALLOC.OBJ
C:\USERS\ZAMMIE\MUSIC\__BIKEODE\YAH_FINALLY\BUILD\_VS2010\OBJ\DEBUGDOUBLEDLL\ODE\MASS.OBJ
C:\USERS\ZAMMIE\MUSIC\__BIKEODE\YAH_FINALLY\BUILD\_VS2010\OBJ\DEBUGDOUBLEDLL\ODE\MAT.OBJ
C:\USERS\ZAMMIE\MUSIC\__BIKEODE\YAH_FINALLY\BUILD\_VS2010\OBJ\DEBUGDOUBLEDLL\ODE\MATRIX.OBJ
C:\USERS\ZAMMIE\MUSIC\__BIKEODE\YAH_FINALLY\BUILD\_VS2010\OBJ\DEBUGDOUBLEDLL\ODE\MEMORY.OBJ
C:\USERS\ZAMMIE\MUSIC\__BIKEODE\YAH_FINALLY\BUILD\_VS2010\OBJ\DEBUGDOUBLEDLL\ODE\MISC.OBJ
C:\Users\zammie\Music\__BikeODE\Yah_Finally\build\_vs2010\obj\DebugDoubleDLL\ode\mt.command.1.tlog
C:\Users\zammie\Music\__BikeODE\Yah_Finally\build\_vs2010\obj\DebugDoubleDLL\ode\mt.read.1.tlog
C:\Users\zammie\Music\__BikeODE\Yah_Finally\build\_vs2010\obj\DebugDoubleDLL\ode\mt.write.1.tlog
C:\USERS\ZAMMIE\MUSIC\__BIKEODE\YAH_FINALLY\BUILD\_VS2010\OBJ\DEBUGDOUBLEDLL\ODE\NEXTAFTERF.OBJ
C:\USERS\ZAMMIE\MUSIC\__BIKEODE\YAH_FINALLY\BUILD\_VS2010\OBJ\DEBUGDOUBLEDLL\ODE\NULL.OBJ
C:\USERS\ZAMMIE\MUSIC\__BIKEODE\YAH_FINALLY\BUILD\_VS2010\OBJ\DEBUGDOUBLEDLL\ODE\OBJECTS.OBJ
C:\USERS\ZAMMIE\MUSIC\__BIKEODE\YAH_FINALLY\BUILD\_VS2010\OBJ\DEBUGDOUBLEDLL\ODE\OBSTACK.OBJ
C:\USERS\ZAMMIE\MUSIC\__BIKEODE\YAH_FINALLY\BUILD\_VS2010\OBJ\DEBUGDOUBLEDLL\ODE\ODE.OBJ
C:\Users\zammie\Music\__BikeODE\Yah_Finally\build\_vs2010\obj\DebugDoubleDLL\ode\ode.write.1.tlog
C:\USERS\ZAMMIE\MUSIC\__BIKEODE\YAH_FINALLY\BUILD\_VS2010\OBJ\DEBUGDOUBLEDLL\ODE\ODE_DOUBLED.DLL.EMBED.MANIFEST
C:\USERS\ZAMMIE\MUSIC\__BIKEODE\YAH_FINALLY\BUILD\_VS2010\OBJ\DEBUGDOUBLEDLL\ODE\ODE_DOUBLED.DLL.EMBED.MANIFEST.RES
C:\USERS\ZAMMIE\MUSIC\__BIKEODE\YAH_FINALLY\BUILD\_VS2010\OBJ\DEBUGDOUBLEDLL\ODE\ODE_DOUBLED.DLL.INTERMEDIATE.MANIFEST
C:\Users\zammie\Music\__BikeODE\Yah_Finally\build\_vs2010\obj\DebugDoubleDLL\ode\ode_doubled_manifest.rc
C:\USERS\ZAMMIE\MUSIC\__BIKEODE\YAH_FINALLY\BUILD\_VS2010\OBJ\DEBUGDOUBLEDLL\ODE\ODEINIT.OBJ
C:\USERS\ZAMMIE\MUSIC\__BIKEODE\YAH_FINALLY\BUILD\_VS2010\OBJ\DEBUGDOUBLEDLL\ODE\ODEMATH.OBJ
C:\USERS\ZAMMIE\MUSIC\__BIKEODE\YAH_FINALLY\BUILD\_VS2010\OBJ\DEBUGDOUBLEDLL\ODE\ODEOU.OBJ
C:\USERS\ZAMMIE\MUSIC\__BIKEODE\YAH_FINALLY\BUILD\_VS2010\OBJ\DEBUGDOUBLEDLL\ODE\ODETLS.OBJ
C:\USERS\ZAMMIE\MUSIC\__BIKEODE\YAH_FINALLY\BUILD\_VS2010\OBJ\DEBUGDOUBLEDLL\ODE\OPC_AABBCOLLIDER.OBJ
C:\USERS\ZAMMIE\MUSIC\__BIKEODE\YAH_FINALLY\BUILD\_VS2010\OBJ\DEBUGDOUBLEDLL\ODE\OPC_AABBTREE.OBJ
C:\USERS\ZAMMIE\MUSIC\__BIKEODE\YAH_FINALLY\BUILD\_VS2010\OBJ\DEBUGDOUBLEDLL\ODE\OPC_BASEMODEL.OBJ
C:\USERS\ZAMMIE\MUSIC\__BIKEODE\YAH_FINALLY\BUILD\_VS2010\OBJ\DEBUGDOUBLEDLL\ODE\OPC_COLLIDER.OBJ
C:\USERS\ZAMMIE\MUSIC\__BIKEODE\YAH_FINALLY\BUILD\_VS2010\OBJ\DEBUGDOUBLEDLL\ODE\OPC_COMMON.OBJ
C:\USERS\ZAMMIE\MUSIC\__BIKEODE\YAH_FINALLY\BUILD\_VS2010\OBJ\DEBUGDOUBLEDLL\ODE\OPC_HYBRIDMODEL.OBJ
C:\USERS\ZAMMIE\MUSIC\__BIKEODE\YAH_FINALLY\BUILD\_VS2010\OBJ\DEBUGDOUBLEDLL\ODE\OPC_LSSCOLLIDER.OBJ
C:\USERS\ZAMMIE\MUSIC\__BIKEODE\YAH_FINALLY\BUILD\_VS2010\OBJ\DEBUGDOUBLEDLL\ODE\OPC_MESHINTERFACE.OBJ
C:\USERS\ZAMMIE\MUSIC\__BIKEODE\YAH_FINALLY\BUILD\_VS2010\OBJ\DEBUGDOUBLEDLL\ODE\OPC_MODEL.OBJ
C:\USERS\ZAMMIE\MUSIC\__BIKEODE\YAH_FINALLY\BUILD\_VS2010\OBJ\DEBUGDOUBLEDLL\ODE\OPC_OBBCOLLIDER.OBJ
C:\USERS\ZAMMIE\MUSIC\__BIKEODE\YAH_FINALLY\BUILD\_VS2010\OBJ\DEBUGDOUBLEDLL\ODE\OPC_OPTIMIZEDTREE.OBJ
C:\USERS\ZAMMIE\MUSIC\__BIKEODE\YAH_FINALLY\BUILD\_VS2010\OBJ\DEBUGDOUBLEDLL\ODE\OPC_PICKING.OBJ
C:\USERS\ZAMMIE\MUSIC\__BIKEODE\YAH_FINALLY\BUILD\_VS2010\OBJ\DEBUGDOUBLEDLL\ODE\OPC_PLANESCOLLIDER.OBJ
C:\USERS\ZAMMIE\MUSIC\__BIKEODE\YAH_FINALLY\BUILD\_VS2010\OBJ\DEBUGDOUBLEDLL\ODE\OPC_RAYCOLLIDER.OBJ
C:\USERS\ZAMMIE\MUSIC\__BIKEODE\YAH_FINALLY\BUILD\_VS2010\OBJ\DEBUGDOUBLEDLL\ODE\OPC_SPHERECOLLIDER.OBJ
C:\USERS\ZAMMIE\MUSIC\__BIKEODE\YAH_FINALLY\BUILD\_VS2010\OBJ\DEBUGDOUBLEDLL\ODE\OPC_TREEBUILDERS.OBJ
C:\USERS\ZAMMIE\MUSIC\__BIKEODE\YAH_FINALLY\BUILD\_VS2010\OBJ\DEBUGDOUBLEDLL\ODE\OPC_TREECOLLIDER.OBJ
C:\USERS\ZAMMIE\MUSIC\__BIKEODE\YAH_FINALLY\BUILD\_VS2010\OBJ\DEBUGDOUBLEDLL\ODE\OPC_VOLUMECOLLIDER.OBJ
C:\USERS\ZAMMIE\MUSIC\__BIKEODE\YAH_FINALLY\BUILD\_VS2010\OBJ\DEBUGDOUBLEDLL\ODE\OPCODE.OBJ
C:\USERS\ZAMMIE\MUSIC\__BIKEODE\YAH_FINALLY\BUILD\_VS2010\OBJ\DEBUGDOUBLEDLL\ODE\OUTEST.OBJ
C:\USERS\ZAMMIE\MUSIC\__BIKEODE\YAH_FINALLY\BUILD\_VS2010\OBJ\DEBUGDOUBLEDLL\ODE\PISTON.OBJ
C:\USERS\ZAMMIE\MUSIC\__BIKEODE\YAH_FINALLY\BUILD\_VS2010\OBJ\DEBUGDOUBLEDLL\ODE\PLANE.OBJ
C:\USERS\ZAMMIE\MUSIC\__BIKEODE\YAH_FINALLY\BUILD\_VS2010\OBJ\DEBUGDOUBLEDLL\ODE\PLANE2D.OBJ
C:\USERS\ZAMMIE\MUSIC\__BIKEODE\YAH_FINALLY\BUILD\_VS2010\OBJ\DEBUGDOUBLEDLL\ODE\PR.OBJ
C:\USERS\ZAMMIE\MUSIC\__BIKEODE\YAH_FINALLY\BUILD\_VS2010\OBJ\DEBUGDOUBLEDLL\ODE\PU.OBJ
C:\USERS\ZAMMIE\MUSIC\__BIKEODE\YAH_FINALLY\BUILD\_VS2010\OBJ\DEBUGDOUBLEDLL\ODE\QUICKSTEP.OBJ
C:\USERS\ZAMMIE\MUSIC\__BIKEODE\YAH_FINALLY\BUILD\_VS2010\OBJ\DEBUGDOUBLEDLL\ODE\RAY.OBJ
C:\Users\zammie\Music\__BikeODE\Yah_Finally\build\_vs2010\obj\DebugDoubleDLL\ode\rc.command.1.tlog
C:\Users\zammie\Music\__BikeODE\Yah_Finally\build\_vs2010\obj\DebugDoubleDLL\ode\rc.read.1.tlog
C:\Users\zammie\Music\__BikeODE\Yah_Finally\build\_vs2010\obj\DebugDoubleDLL\ode\rc.write.1.tlog
C:\USERS\ZAMMIE\MUSIC\__BIKEODE\YAH_FINALLY\BUILD\_VS2010\OBJ\DEBUGDOUBLEDLL\ODE\ROTATION.OBJ
C:\USERS\ZAMMIE\MUSIC\__BIKEODE\YAH_FINALLY\BUILD\_VS2010\OBJ\DEBUGDOUBLEDLL\ODE\SLIDER.OBJ
C:\USERS\ZAMMIE\MUSIC\__BIKEODE\YAH_FINALLY\BUILD\_VS2010\OBJ\DEBUGDOUBLEDLL\ODE\SPHERE.OBJ
C:\USERS\ZAMMIE\MUSIC\__BIKEODE\YAH_FINALLY\BUILD\_VS2010\OBJ\DEBUGDOUBLEDLL\ODE\STEP.OBJ
C:\USERS\ZAMMIE\MUSIC\__BIKEODE\YAH_FINALLY\BUILD\_VS2010\OBJ\DEBUGDOUBLEDLL\ODE\THREADING_BASE.OBJ
C:\USERS\ZAMMIE\MUSIC\__BIKEODE\YAH_FINALLY\BUILD\_VS2010\OBJ\DEBUGDOUBLEDLL\ODE\THREADING_IMPL.OBJ
C:\USERS\ZAMMIE\MUSIC\__BIKEODE\YAH_FINALLY\BUILD\_VS2010\OBJ\DEBUGDOUBLEDLL\ODE\THREADING_POOL_POSIX.OBJ
C:\USERS\ZAMMIE\MUSIC\__BIKEODE\YAH_FINALLY\BUILD\_VS2010\OBJ\DEBUGDOUBLEDLL\ODE\THREADING_POOL_WIN.OBJ
C:\USERS\ZAMMIE\MUSIC\__BIKEODE\YAH_FINALLY\BUILD\_VS2010\OBJ\DEBUGDOUBLEDLL\ODE\THREADLOCALSTORAGE.OBJ
C:\USERS\ZAMMIE\MUSIC\__BIKEODE\YAH_FINALLY\BUILD\_VS2010\OBJ\DEBUGDOUBLEDLL\ODE\TIMER.OBJ
C:\USERS\ZAMMIE\MUSIC\__BIKEODE\YAH_FINALLY\BUILD\_VS2010\OBJ\DEBUGDOUBLEDLL\ODE\TRANSMISSION.OBJ
C:\USERS\ZAMMIE\MUSIC\__BIKEODE\YAH_FINALLY\BUILD\_VS2010\OBJ\DEBUGDOUBLEDLL\ODE\UNIVERSAL.OBJ
C:\USERS\ZAMMIE\MUSIC\__BIKEODE\YAH_FINALLY\BUILD\_VS2010\OBJ\DEBUGDOUBLEDLL\ODE\UTIL.OBJ
C:\Users\zammie\Music\__BikeODE\Yah_Finally\build\_vs2010\obj\DebugDoubleDLL\ode\vc100.idb
C:\USERS\ZAMMIE\MUSIC\__BIKEODE\YAH_FINALLY\BUILD\_VS2010\OBJ\DEBUGDOUBLEDLL\ODE\VC100.PDB
C:\USERS\ZAMMIE\MUSIC\__BIKEODE\YAH_FINALLY\LIB\DEBUGDOUBLEDLL\ODE_DOUBLED.DLL
C:\Users\zammie\Music\__BikeODE\Yah_Finally\lib\DebugDoubleDLL\ode_doubled.exp
C:\USERS\ZAMMIE\MUSIC\__BIKEODE\YAH_FINALLY\LIB\DEBUGDOUBLEDLL\ODE_DOUBLED.ILK
C:\Users\zammie\Music\__BikeODE\Yah_Finally\lib\DebugDoubleDLL\ode_doubled.lib
C:\USERS\ZAMMIE\MUSIC\__BIKEODE\YAH_FINALLY\LIB\DEBUGDOUBLEDLL\ODE_DOUBLED.PDB
