..\..\lib\DebugDoubleDLL\drawstuffd.ilk
..\..\lib\DebugDoubleDLL\drawstuffd.pdb
C:\Users\zammie\Music\__BikeODE\Yah_Finally\build\_vs2010\..\..\lib\DebugDoubleDLL\drawstuffd.dll
C:\Users\zammie\Music\__BikeODE\Yah_Finally\build\_vs2010\obj\DebugDoubleDLL\drawstuff\cl.command.1.tlog
C:\Users\zammie\Music\__BikeODE\Yah_Finally\build\_vs2010\obj\DebugDoubleDLL\drawstuff\CL.read.1.tlog
C:\Users\zammie\Music\__BikeODE\Yah_Finally\build\_vs2010\obj\DebugDoubleDLL\drawstuff\CL.write.1.tlog
C:\USERS\ZAMMIE\MUSIC\__BIKEODE\YAH_FINALLY\BUILD\_VS2010\OBJ\DEBUGDOUBLEDLL\DRAWSTUFF\DRAWSTUFF.OBJ
C:\Users\zammie\Music\__BikeODE\Yah_Finally\build\_vs2010\obj\DebugDoubleDLL\drawstuff\drawstuff.write.1.tlog
C:\USERS\ZAMMIE\MUSIC\__BIKEODE\YAH_FINALLY\BUILD\_VS2010\OBJ\DEBUGDOUBLEDLL\DRAWSTUFF\DRAWSTUFFD.DLL.EMBED.MANIFEST
C:\USERS\ZAMMIE\MUSIC\__BIKEODE\YAH_FINALLY\BUILD\_VS2010\OBJ\DEBUGDOUBLEDLL\DRAWSTUFF\DRAWSTUFFD.DLL.EMBED.MANIFEST.RES
C:\USERS\ZAMMIE\MUSIC\__BIKEODE\YAH_FINALLY\BUILD\_VS2010\OBJ\DEBUGDOUBLEDLL\DRAWSTUFF\DRAWSTUFFD.DLL.INTERMEDIATE.MANIFEST
C:\Users\zammie\Music\__BikeODE\Yah_Finally\build\_vs2010\obj\DebugDoubleDLL\drawstuff\drawstuffd_manifest.rc
C:\Users\zammie\Music\__BikeODE\Yah_Finally\build\_vs2010\obj\DebugDoubleDLL\drawstuff\link.command.1.tlog
C:\Users\zammie\Music\__BikeODE\Yah_Finally\build\_vs2010\obj\DebugDoubleDLL\drawstuff\link.read.1.tlog
C:\Users\zammie\Music\__BikeODE\Yah_Finally\build\_vs2010\obj\DebugDoubleDLL\drawstuff\link.write.1.tlog
C:\Users\zammie\Music\__BikeODE\Yah_Finally\build\_vs2010\obj\DebugDoubleDLL\drawstuff\link-cvtres.read.1.tlog
C:\Users\zammie\Music\__BikeODE\Yah_Finally\build\_vs2010\obj\DebugDoubleDLL\drawstuff\link-cvtres.write.1.tlog
C:\Users\zammie\Music\__BikeODE\Yah_Finally\build\_vs2010\obj\DebugDoubleDLL\drawstuff\mt.command.1.tlog
C:\Users\zammie\Music\__BikeODE\Yah_Finally\build\_vs2010\obj\DebugDoubleDLL\drawstuff\mt.read.1.tlog
C:\Users\zammie\Music\__BikeODE\Yah_Finally\build\_vs2010\obj\DebugDoubleDLL\drawstuff\mt.write.1.tlog
C:\Users\zammie\Music\__BikeODE\Yah_Finally\build\_vs2010\obj\DebugDoubleDLL\drawstuff\rc.command.1.tlog
C:\Users\zammie\Music\__BikeODE\Yah_Finally\build\_vs2010\obj\DebugDoubleDLL\drawstuff\rc.read.1.tlog
C:\Users\zammie\Music\__BikeODE\Yah_Finally\build\_vs2010\obj\DebugDoubleDLL\drawstuff\rc.write.1.tlog
C:\USERS\ZAMMIE\MUSIC\__BIKEODE\YAH_FINALLY\BUILD\_VS2010\OBJ\DEBUGDOUBLEDLL\DRAWSTUFF\RESOURCES.RES
C:\Users\zammie\Music\__BikeODE\Yah_Finally\build\_vs2010\obj\DebugDoubleDLL\drawstuff\vc100.idb
C:\USERS\ZAMMIE\MUSIC\__BIKEODE\YAH_FINALLY\BUILD\_VS2010\OBJ\DEBUGDOUBLEDLL\DRAWSTUFF\VC100.PDB
C:\USERS\ZAMMIE\MUSIC\__BIKEODE\YAH_FINALLY\BUILD\_VS2010\OBJ\DEBUGDOUBLEDLL\DRAWSTUFF\WINDOWS.OBJ
C:\USERS\ZAMMIE\MUSIC\__BIKEODE\YAH_FINALLY\LIB\DEBUGDOUBLEDLL\DRAWSTUFFD.DLL
C:\Users\zammie\Music\__BikeODE\Yah_Finally\lib\DebugDoubleDLL\drawstuffd.exp
C:\USERS\ZAMMIE\MUSIC\__BIKEODE\YAH_FINALLY\LIB\DEBUGDOUBLEDLL\DRAWSTUFFD.ILK
C:\Users\zammie\Music\__BikeODE\Yah_Finally\lib\DebugDoubleDLL\drawstuffd.lib
C:\USERS\ZAMMIE\MUSIC\__BIKEODE\YAH_FINALLY\LIB\DEBUGDOUBLEDLL\DRAWSTUFFD.PDB
