生成启动时间为 2015/5/9 17:32:08。
     1>项目“C:\Users\lisa\Desktop\BicycleSimulation\Bike_Plugin\bicycle_stuns\bicycle_stuns.vcxproj”在节点 2 上(build 个目标)。
     1>InitializeBuildStatus:
         正在对“Debug\bicycle_stuns.unsuccessfulbuild”执行 Touch 任务。
       ClCompile:
         所有输出均为最新。
       ManifestResourceCompile:
         所有输出均为最新。
       Link:
         c:\Program Files (x86)\Microsoft Visual Studio 10.0\VC\bin\x86_amd64\link.exe /ERRORREPORT:PROMPT /OUT:"..\\bicycle_stuns.mll" /INCREMENTAL /NOLOGO /LIBPATH:"C:\Program Files\Autodesk\Maya2015\lib" ..\odedll.lib Foundation.lib OpenMaya.lib OpenMayaUI.lib OpenMayaAnim.lib OpenMayaFX.lib OpenMayaRender.lib kernel32.lib user32.lib gdi32.lib winspool.lib comdlg32.lib advapi32.lib shell32.lib ole32.lib oleaut32.lib uuid.lib odbc32.lib odbccp32.lib /MANIFEST /ManifestFile:"Debug\bicycle_stuns.mll.intermediate.manifest" /MANIFESTUAC:"level='asInvoker' uiAccess='false'" /DEBUG /PDB:"Debug\bicycle_stuns.pdb" /SUBSYSTEM:WINDOWS /TLBID:1 /DYNAMICBASE:NO /NXCOMPAT /IMPLIB:"Debug\bicycle_stuns.lib" /MACHINE:X64 /DLL Debug\bicycle_stuns.mll.embed.manifest.res
         Debug\cylinder.obj
         Debug\LSystem.obj
         Debug\LSystemCmd.obj
         Debug\LSystemNode.obj
         Debug\PluginMain.obj
         Debug\vec.obj /export:initializePlugin /export:uninitializePlugin 
         bicycle_stuns.vcxproj -> C:\Users\lisa\Desktop\BicycleSimulation\Bike_Plugin\bicycle_stuns\..\bicycle_stuns.mll
       Manifest:
         c:\Program Files (x86)\Microsoft SDKs\Windows\v7.0A\bin\mt.exe /nologo /verbose /out:"Debug\bicycle_stuns.mll.embed.manifest" /manifest Debug\bicycle_stuns.mll.intermediate.manifest
         所有输出均为最新。
       LinkEmbedManifest:
         所有输出均为最新。
         bicycle_stuns.vcxproj -> C:\Users\lisa\Desktop\BicycleSimulation\Bike_Plugin\bicycle_stuns\..\bicycle_stuns.mll
       CopyFilesToOutputDirectory:
         正在将文件从“Debug\bicycle_stuns.pdb”复制到“..\bicycle_stuns.pdb”。
       FinalizeBuildStatus:
         正在删除文件“Debug\bicycle_stuns.unsuccessfulbuild”。
         正在对“Debug\bicycle_stuns.lastbuildstate”执行 Touch 任务。
     1>已完成生成项目“C:\Users\lisa\Desktop\BicycleSimulation\Bike_Plugin\bicycle_stuns\bicycle_stuns.vcxproj”(build 个目标)的操作。

生成成功。

已用时间 00:00:00.39
