..\bicycle_stuns.ilk
..\bicycle_stuns.pdb
C:\USERS\ZAMMIE\MUSIC\__BIKEODE\BIKE_PLUGIN\BICYCLE_STUNS.ILK
C:\USERS\ZAMMIE\MUSIC\__BIKEODE\BIKE_PLUGIN\BICYCLE_STUNS.MLL
C:\Users\zammie\Music\__BikeODE\Bike_Plugin\bicycle_stuns\..\bicycle_stuns.mll
C:\Users\zammie\Music\__BikeODE\Bike_Plugin\bicycle_stuns\Debug\bicycle_stuns.exp
C:\Users\zammie\Music\__BikeODE\Bike_Plugin\bicycle_stuns\Debug\bicycle_stuns.idb
C:\Users\zammie\Music\__BikeODE\Bike_Plugin\bicycle_stuns\Debug\bicycle_stuns.lib
C:\USERS\ZAMMIE\MUSIC\__BIKEODE\BIKE_PLUGIN\BICYCLE_STUNS\DEBUG\BICYCLE_STUNS.MLL.EMBED.MANIFEST
C:\USERS\ZAMMIE\MUSIC\__BIKEODE\BIKE_PLUGIN\BICYCLE_STUNS\DEBUG\BICYCLE_STUNS.MLL.EMBED.MANIFEST.RES
C:\USERS\ZAMMIE\MUSIC\__BIKEODE\BIKE_PLUGIN\BICYCLE_STUNS\DEBUG\BICYCLE_STUNS.MLL.INTERMEDIATE.MANIFEST
C:\USERS\ZAMMIE\MUSIC\__BIKEODE\BIKE_PLUGIN\BICYCLE_STUNS\DEBUG\BICYCLE_STUNS.PDB
C:\Users\zammie\Music\__BikeODE\Bike_Plugin\bicycle_stuns\Debug\bicycle_stuns.write.1.tlog
C:\Users\zammie\Music\__BikeODE\Bike_Plugin\bicycle_stuns\Debug\bicycle_stuns_manifest.rc
C:\Users\zammie\Music\__BikeODE\Bike_Plugin\bicycle_stuns\Debug\cl.command.1.tlog
C:\Users\zammie\Music\__BikeODE\Bike_Plugin\bicycle_stuns\Debug\CL.read.1.tlog
C:\Users\zammie\Music\__BikeODE\Bike_Plugin\bicycle_stuns\Debug\CL.write.1.tlog
C:\USERS\ZAMMIE\MUSIC\__BIKEODE\BIKE_PLUGIN\BICYCLE_STUNS\DEBUG\CYLINDER.OBJ
C:\Users\zammie\Music\__BikeODE\Bike_Plugin\bicycle_stuns\Debug\link.4488.read.1.tlog
C:\Users\zammie\Music\__BikeODE\Bike_Plugin\bicycle_stuns\Debug\link.4488.write.1.tlog
C:\Users\zammie\Music\__BikeODE\Bike_Plugin\bicycle_stuns\Debug\link.4488-cvtres.read.1.tlog
C:\Users\zammie\Music\__BikeODE\Bike_Plugin\bicycle_stuns\Debug\link.4488-cvtres.write.1.tlog
C:\Users\zammie\Music\__BikeODE\Bike_Plugin\bicycle_stuns\Debug\link.command.1.tlog
C:\Users\zammie\Music\__BikeODE\Bike_Plugin\bicycle_stuns\Debug\link.read.1.tlog
C:\Users\zammie\Music\__BikeODE\Bike_Plugin\bicycle_stuns\Debug\link.write.1.tlog
C:\Users\zammie\Music\__BikeODE\Bike_Plugin\bicycle_stuns\Debug\link-cvtres.read.1.tlog
C:\Users\zammie\Music\__BikeODE\Bike_Plugin\bicycle_stuns\Debug\link-cvtres.write.1.tlog
C:\USERS\ZAMMIE\MUSIC\__BIKEODE\BIKE_PLUGIN\BICYCLE_STUNS\DEBUG\LSYSTEM.OBJ
C:\USERS\ZAMMIE\MUSIC\__BIKEODE\BIKE_PLUGIN\BICYCLE_STUNS\DEBUG\LSYSTEMCMD.OBJ
C:\USERS\ZAMMIE\MUSIC\__BIKEODE\BIKE_PLUGIN\BICYCLE_STUNS\DEBUG\LSYSTEMNODE.OBJ
C:\Users\zammie\Music\__BikeODE\Bike_Plugin\bicycle_stuns\Debug\mt.command.1.tlog
C:\Users\zammie\Music\__BikeODE\Bike_Plugin\bicycle_stuns\Debug\mt.read.1.tlog
C:\Users\zammie\Music\__BikeODE\Bike_Plugin\bicycle_stuns\Debug\mt.write.1.tlog
C:\USERS\ZAMMIE\MUSIC\__BIKEODE\BIKE_PLUGIN\BICYCLE_STUNS\DEBUG\PLUGINMAIN.OBJ
C:\Users\zammie\Music\__BikeODE\Bike_Plugin\bicycle_stuns\Debug\rc.command.1.tlog
C:\Users\zammie\Music\__BikeODE\Bike_Plugin\bicycle_stuns\Debug\rc.read.1.tlog
C:\Users\zammie\Music\__BikeODE\Bike_Plugin\bicycle_stuns\Debug\rc.write.1.tlog
C:\USERS\ZAMMIE\MUSIC\__BIKEODE\BIKE_PLUGIN\BICYCLE_STUNS\DEBUG\VEC.OBJ
