Build started 5/6/2015 8:03:18 PM.
     1>Project "C:\Users\zammie\Music\__BikeODE\Yah_Finally\build\_vs2010\odedll\odedll.vcxproj" on node 2 (build target(s)).
     1>InitializeBuildStatus:
         Touching "Debug\odedll.unsuccessfulbuild".
       ClCompile:
         All outputs are up-to-date.
         All outputs are up-to-date.
         All outputs are up-to-date.
       ManifestResourceCompile:
         All outputs are up-to-date.
       Link:
         c:\Program Files (x86)\Microsoft Visual Studio 10.0\VC\bin\link.exe /ERRORREPORT:PROMPT /OUT:"..\..\..\..\Bike_Plugin\odedll.dll" /INCREMENTAL /NOLOGO user32.lib winmm.lib gdi32.lib opengl32.lib glu32.lib ..\..\..\lib\DebugDoubleDLL\drawstuffd.lib ..\..\..\lib\DebugDoubleDLL\ode_doubled.lib kernel32.lib user32.lib gdi32.lib winspool.lib comdlg32.lib advapi32.lib shell32.lib ole32.lib oleaut32.lib uuid.lib odbc32.lib odbccp32.lib kernel32.lib user32.lib gdi32.lib winspool.lib comdlg32.lib advapi32.lib shell32.lib ole32.lib oleaut32.lib uuid.lib odbc32.lib odbccp32.lib /MANIFEST /ManifestFile:"Debug\odedll.dll.intermediate.manifest" /MANIFESTUAC:"level='asInvoker' uiAccess='false'" /DEBUG /PDB:"C:\Users\zammie\Music\__BikeODE\Bike_Plugin\odedll.pdb" /SUBSYSTEM:WINDOWS /TLBID:1 /DYNAMICBASE /NXCOMPAT /IMPLIB:"..\..\..\..\Bike_Plugin\odedll.lib" /MACHINE:X86 /DLL Debug\odedll.dll.embed.manifest.res
         Debug\dllmain.obj
         Debug\odedll.obj
         Debug\stdafx.obj
            Creating library ..\..\..\..\Bike_Plugin\odedll.lib and object ..\..\..\..\Bike_Plugin\odedll.exp
       Manifest:
         C:\Program Files (x86)\Microsoft SDKs\Windows\v7.0A\bin\mt.exe /nologo /verbose /out:"Debug\odedll.dll.embed.manifest" /manifest Debug\odedll.dll.intermediate.manifest
         All outputs are up-to-date.
       LinkEmbedManifest:
         c:\Program Files (x86)\Microsoft Visual Studio 10.0\VC\bin\link.exe /ERRORREPORT:PROMPT /OUT:"..\..\..\..\Bike_Plugin\odedll.dll" /INCREMENTAL /NOLOGO user32.lib winmm.lib gdi32.lib opengl32.lib glu32.lib ..\..\..\lib\DebugDoubleDLL\drawstuffd.lib ..\..\..\lib\DebugDoubleDLL\ode_doubled.lib kernel32.lib user32.lib gdi32.lib winspool.lib comdlg32.lib advapi32.lib shell32.lib ole32.lib oleaut32.lib uuid.lib odbc32.lib odbccp32.lib kernel32.lib user32.lib gdi32.lib winspool.lib comdlg32.lib advapi32.lib shell32.lib ole32.lib oleaut32.lib uuid.lib odbc32.lib odbccp32.lib /MANIFEST /ManifestFile:"Debug\odedll.dll.intermediate.manifest" /MANIFESTUAC:"level='asInvoker' uiAccess='false'" /DEBUG /PDB:"C:\Users\zammie\Music\__BikeODE\Bike_Plugin\odedll.pdb" /SUBSYSTEM:WINDOWS /TLBID:1 /DYNAMICBASE /NXCOMPAT /IMPLIB:"..\..\..\..\Bike_Plugin\odedll.lib" /MACHINE:X86 /DLL Debug\odedll.dll.embed.manifest.res
         Debug\dllmain.obj
         Debug\odedll.obj
         Debug\stdafx.obj
         odedll.vcxproj -> C:\Users\zammie\Music\__BikeODE\Yah_Finally\build\_vs2010\odedll\..\..\..\..\Bike_Plugin\odedll.dll
       FinalizeBuildStatus:
         Deleting file "Debug\odedll.unsuccessfulbuild".
         Touching "Debug\odedll.lastbuildstate".
     1>Done Building Project "C:\Users\zammie\Music\__BikeODE\Yah_Finally\build\_vs2010\odedll\odedll.vcxproj" (build target(s)).

Build succeeded.

Time Elapsed 00:00:00.53
